Final result:0.0249473
0.419056, 0.196861, 0.999998, 0.999989, 0.627744, 0.243658, 0.0728935, 0.0513253, 0.0130179, 0.00600004

Parameters: 
     -t numThreads: 2
        -v verbose: 1
      -d dimension: 10
  -b minimum conc.: 0.006
  -c cooperativity: 6
              -p p: 7.8
        -s \sigma0: 0.0015
             -n N0: 0.01
 -g numGenerations: 500
      -u numAgents: 20
   -a GSS accuracy: 0.01

{{ 0 , 0.999998 },
{ 0.00200401 , 0.999819 },
{ 0.00400802 , 0.999291 },
{ 0.00601202 , 0.998428 },
{ 0.00801603 , 0.997243 },
{ 0.01002 , 0.99575 },
{ 0.012024 , 0.99396 },
{ 0.0140281 , 0.991887 },
{ 0.0160321 , 0.989542 },
{ 0.0180361 , 0.986937 },
{ 0.0200401 , 0.984084 },
{ 0.0220441 , 0.980993 },
{ 0.0240481 , 0.977677 },
{ 0.0260521 , 0.974144 },
{ 0.0280561 , 0.970407 },
{ 0.0300601 , 0.966475 },
{ 0.0320641 , 0.962358 },
{ 0.0340681 , 0.958066 },
{ 0.0360721 , 0.953607 },
{ 0.0380762 , 0.948991 },
{ 0.0400802 , 0.944228 },
{ 0.0420842 , 0.939325 },
{ 0.0440882 , 0.934291 },
{ 0.0460922 , 0.929134 },
{ 0.0480962 , 0.923862 },
{ 0.0501002 , 0.918482 },
{ 0.0521042 , 0.913003 },
{ 0.0541082 , 0.907431 },
{ 0.0561122 , 0.901773 },
{ 0.0581162 , 0.896036 },
{ 0.0601202 , 0.890227 },
{ 0.0621242 , 0.884351 },
{ 0.0641283 , 0.878416 },
{ 0.0661323 , 0.872426 },
{ 0.0681363 , 0.866388 },
{ 0.0701403 , 0.860308 },
{ 0.0721443 , 0.854189 },
{ 0.0741483 , 0.848038 },
{ 0.0761523 , 0.84186 },
{ 0.0781563 , 0.835659 },
{ 0.0801603 , 0.829439 },
{ 0.0821643 , 0.823206 },
{ 0.0841683 , 0.816963 },
{ 0.0861723 , 0.810714 },
{ 0.0881764 , 0.804463 },
{ 0.0901804 , 0.798214 },
{ 0.0921844 , 0.791971 },
{ 0.0941884 , 0.785736 },
{ 0.0961924 , 0.779513 },
{ 0.0981964 , 0.773304 },
{ 0.1002 , 0.767114 },
{ 0.102204 , 0.760943 },
{ 0.104208 , 0.754796 },
{ 0.106212 , 0.748674 },
{ 0.108216 , 0.74258 },
{ 0.11022 , 0.736516 },
{ 0.112224 , 0.730484 },
{ 0.114228 , 0.724486 },
{ 0.116232 , 0.718523 },
{ 0.118236 , 0.712598 },
{ 0.12024 , 0.706711 },
{ 0.122244 , 0.700864 },
{ 0.124248 , 0.695059 },
{ 0.126253 , 0.689296 },
{ 0.128257 , 0.683578 },
{ 0.130261 , 0.677904 },
{ 0.132265 , 0.672275 },
{ 0.134269 , 0.666693 },
{ 0.136273 , 0.661158 },
{ 0.138277 , 0.65567 },
{ 0.140281 , 0.650231 },
{ 0.142285 , 0.64484 },
{ 0.144289 , 0.639498 },
{ 0.146293 , 0.634205 },
{ 0.148297 , 0.628961 },
{ 0.150301 , 0.623767 },
{ 0.152305 , 0.618622 },
{ 0.154309 , 0.613527 },
{ 0.156313 , 0.608481 },
{ 0.158317 , 0.603484 },
{ 0.160321 , 0.598537 },
{ 0.162325 , 0.593638 },
{ 0.164329 , 0.588787 },
{ 0.166333 , 0.583985 },
{ 0.168337 , 0.57923 },
{ 0.170341 , 0.574523 },
{ 0.172345 , 0.569863 },
{ 0.174349 , 0.565249 },
{ 0.176353 , 0.560681 },
{ 0.178357 , 0.556158 },
{ 0.180361 , 0.55168 },
{ 0.182365 , 0.547247 },
{ 0.184369 , 0.542856 },
{ 0.186373 , 0.538509 },
{ 0.188377 , 0.534204 },
{ 0.190381 , 0.529941 },
{ 0.192385 , 0.525719 },
{ 0.194389 , 0.521537 },
{ 0.196393 , 0.517395 },
{ 0.198397 , 0.513292 },
{ 0.200401 , 0.509228 },
{ 0.202405 , 0.505201 },
{ 0.204409 , 0.501212 },
{ 0.206413 , 0.49726 },
{ 0.208417 , 0.493344 },
{ 0.210421 , 0.489463 },
{ 0.212425 , 0.485618 },
{ 0.214429 , 0.481807 },
{ 0.216433 , 0.47803 },
{ 0.218437 , 0.474286 },
{ 0.220441 , 0.470576 },
{ 0.222445 , 0.466898 },
{ 0.224449 , 0.463251 },
{ 0.226453 , 0.459637 },
{ 0.228457 , 0.456053 },
{ 0.230461 , 0.452499 },
{ 0.232465 , 0.448976 },
{ 0.234469 , 0.445483 },
{ 0.236473 , 0.442018 },
{ 0.238477 , 0.438582 },
{ 0.240481 , 0.435175 },
{ 0.242485 , 0.431795 },
{ 0.244489 , 0.428443 },
{ 0.246493 , 0.425118 },
{ 0.248497 , 0.421819 },
{ 0.250501 , 0.418547 },
{ 0.252505 , 0.415301 },
{ 0.254509 , 0.41208 },
{ 0.256513 , 0.408885 },
{ 0.258517 , 0.405714 },
{ 0.260521 , 0.402568 },
{ 0.262525 , 0.399446 },
{ 0.264529 , 0.396348 },
{ 0.266533 , 0.393274 },
{ 0.268537 , 0.390222 },
{ 0.270541 , 0.387194 },
{ 0.272545 , 0.384188 },
{ 0.274549 , 0.381204 },
{ 0.276553 , 0.378242 },
{ 0.278557 , 0.375302 },
{ 0.280561 , 0.372384 },
{ 0.282565 , 0.369487 },
{ 0.284569 , 0.36661 },
{ 0.286573 , 0.363755 },
{ 0.288577 , 0.36092 },
{ 0.290581 , 0.358105 },
{ 0.292585 , 0.35531 },
{ 0.294589 , 0.352534 },
{ 0.296593 , 0.349779 },
{ 0.298597 , 0.347042 },
{ 0.300601 , 0.344325 },
{ 0.302605 , 0.341626 },
{ 0.304609 , 0.338946 },
{ 0.306613 , 0.336285 },
{ 0.308617 , 0.333642 },
{ 0.310621 , 0.331017 },
{ 0.312625 , 0.32841 },
{ 0.314629 , 0.32582 },
{ 0.316633 , 0.323249 },
{ 0.318637 , 0.320694 },
{ 0.320641 , 0.318157 },
{ 0.322645 , 0.315637 },
{ 0.324649 , 0.313134 },
{ 0.326653 , 0.310648 },
{ 0.328657 , 0.308179 },
{ 0.330661 , 0.305726 },
{ 0.332665 , 0.303289 },
{ 0.334669 , 0.300869 },
{ 0.336673 , 0.298465 },
{ 0.338677 , 0.296076 },
{ 0.340681 , 0.293704 },
{ 0.342685 , 0.291348 },
{ 0.344689 , 0.289007 },
{ 0.346693 , 0.286681 },
{ 0.348697 , 0.284372 },
{ 0.350701 , 0.282077 },
{ 0.352705 , 0.279798 },
{ 0.354709 , 0.277534 },
{ 0.356713 , 0.275285 },
{ 0.358717 , 0.273051 },
{ 0.360721 , 0.270832 },
{ 0.362725 , 0.268627 },
{ 0.364729 , 0.266438 },
{ 0.366733 , 0.264263 },
{ 0.368737 , 0.262102 },
{ 0.370741 , 0.259956 },
{ 0.372745 , 0.257825 },
{ 0.374749 , 0.255708 },
{ 0.376754 , 0.253605 },
{ 0.378758 , 0.251516 },
{ 0.380762 , 0.249442 },
{ 0.382766 , 0.247381 },
{ 0.38477 , 0.245335 },
{ 0.386774 , 0.243303 },
{ 0.388778 , 0.241284 },
{ 0.390782 , 0.239279 },
{ 0.392786 , 0.237288 },
{ 0.39479 , 0.235311 },
{ 0.396794 , 0.233348 },
{ 0.398798 , 0.231398 },
{ 0.400802 , 0.229461 },
{ 0.402806 , 0.227539 },
{ 0.40481 , 0.225629 },
{ 0.406814 , 0.223733 },
{ 0.408818 , 0.22185 },
{ 0.410822 , 0.219981 },
{ 0.412826 , 0.218125 },
{ 0.41483 , 0.216282 },
{ 0.416834 , 0.214452 },
{ 0.418838 , 0.212636 },
{ 0.420842 , 0.210832 },
{ 0.422846 , 0.209041 },
{ 0.42485 , 0.207264 },
{ 0.426854 , 0.205499 },
{ 0.428858 , 0.203747 },
{ 0.430862 , 0.202007 },
{ 0.432866 , 0.200281 },
{ 0.43487 , 0.198567 },
{ 0.436874 , 0.196866 },
{ 0.438878 , 0.195177 },
{ 0.440882 , 0.193501 },
{ 0.442886 , 0.191837 },
{ 0.44489 , 0.190185 },
{ 0.446894 , 0.188546 },
{ 0.448898 , 0.186919 },
{ 0.450902 , 0.185305 },
{ 0.452906 , 0.183702 },
{ 0.45491 , 0.182112 },
{ 0.456914 , 0.180534 },
{ 0.458918 , 0.178967 },
{ 0.460922 , 0.177413 },
{ 0.462926 , 0.17587 },
{ 0.46493 , 0.174339 },
{ 0.466934 , 0.17282 },
{ 0.468938 , 0.171313 },
{ 0.470942 , 0.169817 },
{ 0.472946 , 0.168333 },
{ 0.47495 , 0.16686 },
{ 0.476954 , 0.165399 },
{ 0.478958 , 0.163949 },
{ 0.480962 , 0.16251 },
{ 0.482966 , 0.161083 },
{ 0.48497 , 0.159666 },
{ 0.486974 , 0.158261 },
{ 0.488978 , 0.156867 },
{ 0.490982 , 0.155484 },
{ 0.492986 , 0.154112 },
{ 0.49499 , 0.152751 },
{ 0.496994 , 0.1514 },
{ 0.498998 , 0.150061 },
{ 0.501002 , 0.148732 },
{ 0.503006 , 0.147413 },
{ 0.50501 , 0.146106 },
{ 0.507014 , 0.144808 },
{ 0.509018 , 0.143521 },
{ 0.511022 , 0.142245 },
{ 0.513026 , 0.140979 },
{ 0.51503 , 0.139722 },
{ 0.517034 , 0.138477 },
{ 0.519038 , 0.137241 },
{ 0.521042 , 0.136015 },
{ 0.523046 , 0.134799 },
{ 0.52505 , 0.133594 },
{ 0.527054 , 0.132398 },
{ 0.529058 , 0.131211 },
{ 0.531062 , 0.130035 },
{ 0.533066 , 0.128868 },
{ 0.53507 , 0.127711 },
{ 0.537074 , 0.126563 },
{ 0.539078 , 0.125425 },
{ 0.541082 , 0.124296 },
{ 0.543086 , 0.123176 },
{ 0.54509 , 0.122066 },
{ 0.547094 , 0.120965 },
{ 0.549098 , 0.119873 },
{ 0.551102 , 0.11879 },
{ 0.553106 , 0.117716 },
{ 0.55511 , 0.116651 },
{ 0.557114 , 0.115595 },
{ 0.559118 , 0.114547 },
{ 0.561122 , 0.113509 },
{ 0.563126 , 0.112479 },
{ 0.56513 , 0.111457 },
{ 0.567134 , 0.110445 },
{ 0.569138 , 0.10944 },
{ 0.571142 , 0.108444 },
{ 0.573146 , 0.107456 },
{ 0.57515 , 0.106477 },
{ 0.577154 , 0.105506 },
{ 0.579158 , 0.104543 },
{ 0.581162 , 0.103588 },
{ 0.583166 , 0.102641 },
{ 0.58517 , 0.101702 },
{ 0.587174 , 0.100771 },
{ 0.589178 , 0.0998474 },
{ 0.591182 , 0.0989318 },
{ 0.593186 , 0.0980239 },
{ 0.59519 , 0.0971236 },
{ 0.597194 , 0.0962308 },
{ 0.599198 , 0.0953456 },
{ 0.601202 , 0.0944678 },
{ 0.603206 , 0.0935973 },
{ 0.60521 , 0.0927341 },
{ 0.607214 , 0.0918782 },
{ 0.609218 , 0.0910294 },
{ 0.611222 , 0.0901877 },
{ 0.613226 , 0.0893531 },
{ 0.61523 , 0.0885254 },
{ 0.617234 , 0.0877047 },
{ 0.619238 , 0.0868908 },
{ 0.621242 , 0.0860837 },
{ 0.623246 , 0.0852833 },
{ 0.625251 , 0.0844896 },
{ 0.627255 , 0.0837025 },
{ 0.629259 , 0.082922 },
{ 0.631263 , 0.0821479 },
{ 0.633267 , 0.0813802 },
{ 0.635271 , 0.0806189 },
{ 0.637275 , 0.0798638 },
{ 0.639279 , 0.0791151 },
{ 0.641283 , 0.0783724 },
{ 0.643287 , 0.0776359 },
{ 0.645291 , 0.0769055 },
{ 0.647295 , 0.076181 },
{ 0.649299 , 0.0754625 },
{ 0.651303 , 0.0747498 },
{ 0.653307 , 0.0740429 },
{ 0.655311 , 0.0733418 },
{ 0.657315 , 0.0726464 },
{ 0.659319 , 0.0719567 },
{ 0.661323 , 0.0712725 },
{ 0.663327 , 0.0705938 },
{ 0.665331 , 0.0699207 },
{ 0.667335 , 0.0692529 },
{ 0.669339 , 0.0685904 },
{ 0.671343 , 0.0679333 },
{ 0.673347 , 0.0672814 },
{ 0.675351 , 0.0666347 },
{ 0.677355 , 0.0659931 },
{ 0.679359 , 0.0653566 },
{ 0.681363 , 0.0647251 },
{ 0.683367 , 0.0640986 },
{ 0.685371 , 0.0634769 },
{ 0.687375 , 0.0628602 },
{ 0.689379 , 0.0622482 },
{ 0.691383 , 0.061641 },
{ 0.693387 , 0.0610385 },
{ 0.695391 , 0.0604406 },
{ 0.697395 , 0.0598474 },
{ 0.699399 , 0.0592586 },
{ 0.701403 , 0.0586744 },
{ 0.703407 , 0.0580946 },
{ 0.705411 , 0.0575192 },
{ 0.707415 , 0.0569482 },
{ 0.709419 , 0.0563814 },
{ 0.711423 , 0.0558189 },
{ 0.713427 , 0.0552606 },
{ 0.715431 , 0.0547065 },
{ 0.717435 , 0.0541564 },
{ 0.719439 , 0.0536104 },
{ 0.721443 , 0.0530684 },
{ 0.723447 , 0.0525304 },
{ 0.725451 , 0.0519963 },
{ 0.727455 , 0.0514661 },
{ 0.729459 , 0.0509397 },
{ 0.731463 , 0.0504171 },
{ 0.733467 , 0.0498982 },
{ 0.735471 , 0.0493831 },
{ 0.737475 , 0.0488716 },
{ 0.739479 , 0.0483637 },
{ 0.741483 , 0.0478594 },
{ 0.743487 , 0.0473586 },
{ 0.745491 , 0.0468613 },
{ 0.747495 , 0.0463675 },
{ 0.749499 , 0.0458771 },
{ 0.751503 , 0.0453901 },
{ 0.753507 , 0.0449064 },
{ 0.755511 , 0.044426 },
{ 0.757515 , 0.0439489 },
{ 0.759519 , 0.043475 },
{ 0.761523 , 0.0430043 },
{ 0.763527 , 0.0425367 },
{ 0.765531 , 0.0420723 },
{ 0.767535 , 0.041611 },
{ 0.769539 , 0.0411527 },
{ 0.771543 , 0.0406975 },
{ 0.773547 , 0.0402453 },
{ 0.775551 , 0.039796 },
{ 0.777555 , 0.0393497 },
{ 0.779559 , 0.0389062 },
{ 0.781563 , 0.0384656 },
{ 0.783567 , 0.0380279 },
{ 0.785571 , 0.037593 },
{ 0.787575 , 0.0371609 },
{ 0.789579 , 0.0367315 },
{ 0.791583 , 0.0363049 },
{ 0.793587 , 0.035881 },
{ 0.795591 , 0.0354598 },
{ 0.797595 , 0.0350412 },
{ 0.799599 , 0.0346253 },
{ 0.801603 , 0.034212 },
{ 0.803607 , 0.0338013 },
{ 0.805611 , 0.0333931 },
{ 0.807615 , 0.0329875 },
{ 0.809619 , 0.0325845 },
{ 0.811623 , 0.032184 },
{ 0.813627 , 0.0317859 },
{ 0.815631 , 0.0313904 },
{ 0.817635 , 0.0309973 },
{ 0.819639 , 0.0306066 },
{ 0.821643 , 0.0302184 },
{ 0.823647 , 0.0298326 },
{ 0.825651 , 0.0294492 },
{ 0.827655 , 0.0290682 },
{ 0.829659 , 0.0286896 },
{ 0.831663 , 0.0283133 },
{ 0.833667 , 0.0279394 },
{ 0.835671 , 0.0275678 },
{ 0.837675 , 0.0271986 },
{ 0.839679 , 0.0268317 },
{ 0.841683 , 0.0264672 },
{ 0.843687 , 0.0261049 },
{ 0.845691 , 0.025745 },
{ 0.847695 , 0.0253873 },
{ 0.849699 , 0.025032 },
{ 0.851703 , 0.024679 },
{ 0.853707 , 0.0243282 },
{ 0.855711 , 0.0239798 },
{ 0.857715 , 0.0236337 },
{ 0.859719 , 0.0232898 },
{ 0.861723 , 0.0229483 },
{ 0.863727 , 0.022609 },
{ 0.865731 , 0.0222721 },
{ 0.867735 , 0.0219375 },
{ 0.869739 , 0.0216051 },
{ 0.871743 , 0.0212751 },
{ 0.873747 , 0.0209475 },
{ 0.875752 , 0.0206221 },
{ 0.877756 , 0.0202991 },
{ 0.87976 , 0.0199785 },
{ 0.881764 , 0.0196602 },
{ 0.883768 , 0.0193442 },
{ 0.885772 , 0.0190307 },
{ 0.887776 , 0.0187196 },
{ 0.88978 , 0.0184108 },
{ 0.891784 , 0.0181045 },
{ 0.893788 , 0.0178007 },
{ 0.895792 , 0.0174993 },
{ 0.897796 , 0.0172004 },
{ 0.8998 , 0.0169039 },
{ 0.901804 , 0.01661 },
{ 0.903808 , 0.0163187 },
{ 0.905812 , 0.0160299 },
{ 0.907816 , 0.0157437 },
{ 0.90982 , 0.0154601 },
{ 0.911824 , 0.0151791 },
{ 0.913828 , 0.0149008 },
{ 0.915832 , 0.0146252 },
{ 0.917836 , 0.0143522 },
{ 0.91984 , 0.0140821 },
{ 0.921844 , 0.0138147 },
{ 0.923848 , 0.0135501 },
{ 0.925852 , 0.0132884 },
{ 0.927856 , 0.0130295 },
{ 0.92986 , 0.0127736 },
{ 0.931864 , 0.0125206 },
{ 0.933868 , 0.0122705 },
{ 0.935872 , 0.0120235 },
{ 0.937876 , 0.0117796 },
{ 0.93988 , 0.0115387 },
{ 0.941884 , 0.011301 },
{ 0.943888 , 0.0110665 },
{ 0.945892 , 0.0108352 },
{ 0.947896 , 0.0106071 },
{ 0.9499 , 0.0103824 },
{ 0.951904 , 0.010161 },
{ 0.953908 , 0.0099431 },
{ 0.955912 , 0.00972862 },
{ 0.957916 , 0.00951764 },
{ 0.95992 , 0.00931023 },
{ 0.961924 , 0.00910643 },
{ 0.963928 , 0.0089063 },
{ 0.965932 , 0.0087099 },
{ 0.967936 , 0.00851727 },
{ 0.96994 , 0.00832849 },
{ 0.971944 , 0.0081436 },
{ 0.973948 , 0.00796266 },
{ 0.975952 , 0.00778575 },
{ 0.977956 , 0.00761291 },
{ 0.97996 , 0.00744422 },
{ 0.981964 , 0.00727974 },
{ 0.983968 , 0.00711953 },
{ 0.985972 , 0.00696366 },
{ 0.987976 , 0.0068122 },
{ 0.98998 , 0.00666522 },
{ 0.991984 , 0.00652279 },
{ 0.993988 , 0.00638498 },
{ 0.995992 , 0.00625187 },
{ 0.997996 , 0.00612353 },
{ 1 , 0.00600004 }
}