Final result:0.0247272
0.0497245, 0.0479864, 0.797061, 0.89178, 0.999849, 0.718982, 0.149456, 0.0131841, 0.0129245, 0.0114946

Parameters: 
     -t numThreads: 2
        -v verbose: 0
      -d dimension: 10
  -b minimum conc.: 0.01
  -c cooperativity: 4
              -p p: 2
        -s \sigma0: 0.01
             -n N0: 0.01
 -g numGenerations: 50
      -u numAgents: 20
   -a GSS accuracy: 0.01

{{ 0 , 0.797061 },
{ 0.00200401 , 0.81692 },
{ 0.00400802 , 0.836623 },
{ 0.00601202 , 0.855751 },
{ 0.00801603 , 0.873962 },
{ 0.01002 , 0.890981 },
{ 0.012024 , 0.9066 },
{ 0.0140281 , 0.920666 },
{ 0.0160321 , 0.933084 },
{ 0.0180361 , 0.943805 },
{ 0.0200401 , 0.952826 },
{ 0.0220441 , 0.96018 },
{ 0.0240481 , 0.965934 },
{ 0.0260521 , 0.970185 },
{ 0.0280561 , 0.973051 },
{ 0.0300601 , 0.974669 },
{ 0.0320641 , 0.975189 },
{ 0.0340681 , 0.974767 },
{ 0.0360721 , 0.973562 },
{ 0.0380762 , 0.971733 },
{ 0.0400802 , 0.969428 },
{ 0.0420842 , 0.966782 },
{ 0.0440882 , 0.963915 },
{ 0.0460922 , 0.960921 },
{ 0.0480962 , 0.957866 },
{ 0.0501002 , 0.954784 },
{ 0.0521042 , 0.951682 },
{ 0.0541082 , 0.94856 },
{ 0.0561122 , 0.945418 },
{ 0.0581162 , 0.942258 },
{ 0.0601202 , 0.939078 },
{ 0.0621242 , 0.935881 },
{ 0.0641283 , 0.932665 },
{ 0.0661323 , 0.929431 },
{ 0.0681363 , 0.92618 },
{ 0.0701403 , 0.922912 },
{ 0.0721443 , 0.919627 },
{ 0.0741483 , 0.916326 },
{ 0.0761523 , 0.913008 },
{ 0.0781563 , 0.909675 },
{ 0.0801603 , 0.906326 },
{ 0.0821643 , 0.902962 },
{ 0.0841683 , 0.899584 },
{ 0.0861723 , 0.89619 },
{ 0.0881764 , 0.892783 },
{ 0.0901804 , 0.889362 },
{ 0.0921844 , 0.885927 },
{ 0.0941884 , 0.882478 },
{ 0.0961924 , 0.879017 },
{ 0.0981964 , 0.875543 },
{ 0.1002 , 0.872057 },
{ 0.102204 , 0.868558 },
{ 0.104208 , 0.865048 },
{ 0.106212 , 0.861526 },
{ 0.108216 , 0.857993 },
{ 0.11022 , 0.85445 },
{ 0.112224 , 0.850895 },
{ 0.114228 , 0.84733 },
{ 0.116232 , 0.843755 },
{ 0.118236 , 0.840171 },
{ 0.12024 , 0.836576 },
{ 0.122244 , 0.832973 },
{ 0.124248 , 0.82936 },
{ 0.126253 , 0.825739 },
{ 0.128257 , 0.82211 },
{ 0.130261 , 0.818472 },
{ 0.132265 , 0.814827 },
{ 0.134269 , 0.811174 },
{ 0.136273 , 0.807514 },
{ 0.138277 , 0.803846 },
{ 0.140281 , 0.800172 },
{ 0.142285 , 0.796491 },
{ 0.144289 , 0.792804 },
{ 0.146293 , 0.789111 },
{ 0.148297 , 0.785412 },
{ 0.150301 , 0.781708 },
{ 0.152305 , 0.777998 },
{ 0.154309 , 0.774283 },
{ 0.156313 , 0.770564 },
{ 0.158317 , 0.76684 },
{ 0.160321 , 0.763112 },
{ 0.162325 , 0.759379 },
{ 0.164329 , 0.755643 },
{ 0.166333 , 0.751903 },
{ 0.168337 , 0.74816 },
{ 0.170341 , 0.744414 },
{ 0.172345 , 0.740665 },
{ 0.174349 , 0.736914 },
{ 0.176353 , 0.733159 },
{ 0.178357 , 0.729403 },
{ 0.180361 , 0.725645 },
{ 0.182365 , 0.721885 },
{ 0.184369 , 0.718123 },
{ 0.186373 , 0.714361 },
{ 0.188377 , 0.710597 },
{ 0.190381 , 0.706832 },
{ 0.192385 , 0.703067 },
{ 0.194389 , 0.699301 },
{ 0.196393 , 0.695535 },
{ 0.198397 , 0.691769 },
{ 0.200401 , 0.688003 },
{ 0.202405 , 0.684237 },
{ 0.204409 , 0.680472 },
{ 0.206413 , 0.676708 },
{ 0.208417 , 0.672945 },
{ 0.210421 , 0.669184 },
{ 0.212425 , 0.665423 },
{ 0.214429 , 0.661664 },
{ 0.216433 , 0.657907 },
{ 0.218437 , 0.654152 },
{ 0.220441 , 0.650399 },
{ 0.222445 , 0.646649 },
{ 0.224449 , 0.642901 },
{ 0.226453 , 0.639155 },
{ 0.228457 , 0.635413 },
{ 0.230461 , 0.631674 },
{ 0.232465 , 0.627938 },
{ 0.234469 , 0.624205 },
{ 0.236473 , 0.620477 },
{ 0.238477 , 0.616752 },
{ 0.240481 , 0.613031 },
{ 0.242485 , 0.609314 },
{ 0.244489 , 0.605601 },
{ 0.246493 , 0.601893 },
{ 0.248497 , 0.59819 },
{ 0.250501 , 0.594491 },
{ 0.252505 , 0.590798 },
{ 0.254509 , 0.587109 },
{ 0.256513 , 0.583426 },
{ 0.258517 , 0.579749 },
{ 0.260521 , 0.576077 },
{ 0.262525 , 0.572411 },
{ 0.264529 , 0.568751 },
{ 0.266533 , 0.565097 },
{ 0.268537 , 0.561449 },
{ 0.270541 , 0.557808 },
{ 0.272545 , 0.554173 },
{ 0.274549 , 0.550545 },
{ 0.276553 , 0.546924 },
{ 0.278557 , 0.54331 },
{ 0.280561 , 0.539703 },
{ 0.282565 , 0.536103 },
{ 0.284569 , 0.532511 },
{ 0.286573 , 0.528926 },
{ 0.288577 , 0.525349 },
{ 0.290581 , 0.52178 },
{ 0.292585 , 0.518218 },
{ 0.294589 , 0.514665 },
{ 0.296593 , 0.51112 },
{ 0.298597 , 0.507584 },
{ 0.300601 , 0.504056 },
{ 0.302605 , 0.500536 },
{ 0.304609 , 0.497026 },
{ 0.306613 , 0.493524 },
{ 0.308617 , 0.490031 },
{ 0.310621 , 0.486547 },
{ 0.312625 , 0.483073 },
{ 0.314629 , 0.479608 },
{ 0.316633 , 0.476152 },
{ 0.318637 , 0.472706 },
{ 0.320641 , 0.46927 },
{ 0.322645 , 0.465843 },
{ 0.324649 , 0.462427 },
{ 0.326653 , 0.45902 },
{ 0.328657 , 0.455624 },
{ 0.330661 , 0.452237 },
{ 0.332665 , 0.448861 },
{ 0.334669 , 0.445496 },
{ 0.336673 , 0.442141 },
{ 0.338677 , 0.438797 },
{ 0.340681 , 0.435464 },
{ 0.342685 , 0.432141 },
{ 0.344689 , 0.428829 },
{ 0.346693 , 0.425529 },
{ 0.348697 , 0.422239 },
{ 0.350701 , 0.418961 },
{ 0.352705 , 0.415694 },
{ 0.354709 , 0.412439 },
{ 0.356713 , 0.409195 },
{ 0.358717 , 0.405963 },
{ 0.360721 , 0.402742 },
{ 0.362725 , 0.399533 },
{ 0.364729 , 0.396336 },
{ 0.366733 , 0.393151 },
{ 0.368737 , 0.389978 },
{ 0.370741 , 0.386817 },
{ 0.372745 , 0.383668 },
{ 0.374749 , 0.380532 },
{ 0.376754 , 0.377407 },
{ 0.378758 , 0.374296 },
{ 0.380762 , 0.371196 },
{ 0.382766 , 0.36811 },
{ 0.38477 , 0.365035 },
{ 0.386774 , 0.361974 },
{ 0.388778 , 0.358925 },
{ 0.390782 , 0.355889 },
{ 0.392786 , 0.352866 },
{ 0.39479 , 0.349856 },
{ 0.396794 , 0.346859 },
{ 0.398798 , 0.343876 },
{ 0.400802 , 0.340905 },
{ 0.402806 , 0.337947 },
{ 0.40481 , 0.335003 },
{ 0.406814 , 0.332072 },
{ 0.408818 , 0.329154 },
{ 0.410822 , 0.32625 },
{ 0.412826 , 0.32336 },
{ 0.41483 , 0.320483 },
{ 0.416834 , 0.317619 },
{ 0.418838 , 0.314769 },
{ 0.420842 , 0.311933 },
{ 0.422846 , 0.309111 },
{ 0.42485 , 0.306302 },
{ 0.426854 , 0.303507 },
{ 0.428858 , 0.300727 },
{ 0.430862 , 0.29796 },
{ 0.432866 , 0.295207 },
{ 0.43487 , 0.292468 },
{ 0.436874 , 0.289743 },
{ 0.438878 , 0.287032 },
{ 0.440882 , 0.284335 },
{ 0.442886 , 0.281653 },
{ 0.44489 , 0.278984 },
{ 0.446894 , 0.27633 },
{ 0.448898 , 0.27369 },
{ 0.450902 , 0.271065 },
{ 0.452906 , 0.268454 },
{ 0.45491 , 0.265857 },
{ 0.456914 , 0.263275 },
{ 0.458918 , 0.260707 },
{ 0.460922 , 0.258153 },
{ 0.462926 , 0.255614 },
{ 0.46493 , 0.25309 },
{ 0.466934 , 0.25058 },
{ 0.468938 , 0.248084 },
{ 0.470942 , 0.245603 },
{ 0.472946 , 0.243137 },
{ 0.47495 , 0.240685 },
{ 0.476954 , 0.238248 },
{ 0.478958 , 0.235826 },
{ 0.480962 , 0.233418 },
{ 0.482966 , 0.231025 },
{ 0.48497 , 0.228647 },
{ 0.486974 , 0.226283 },
{ 0.488978 , 0.223934 },
{ 0.490982 , 0.2216 },
{ 0.492986 , 0.219281 },
{ 0.49499 , 0.216976 },
{ 0.496994 , 0.214686 },
{ 0.498998 , 0.212411 },
{ 0.501002 , 0.210151 },
{ 0.503006 , 0.207906 },
{ 0.50501 , 0.205675 },
{ 0.507014 , 0.203459 },
{ 0.509018 , 0.201258 },
{ 0.511022 , 0.199072 },
{ 0.513026 , 0.1969 },
{ 0.51503 , 0.194744 },
{ 0.517034 , 0.192602 },
{ 0.519038 , 0.190475 },
{ 0.521042 , 0.188363 },
{ 0.523046 , 0.186265 },
{ 0.52505 , 0.184183 },
{ 0.527054 , 0.182115 },
{ 0.529058 , 0.180062 },
{ 0.531062 , 0.178024 },
{ 0.533066 , 0.176 },
{ 0.53507 , 0.173991 },
{ 0.537074 , 0.171997 },
{ 0.539078 , 0.170018 },
{ 0.541082 , 0.168054 },
{ 0.543086 , 0.166104 },
{ 0.54509 , 0.164169 },
{ 0.547094 , 0.162249 },
{ 0.549098 , 0.160343 },
{ 0.551102 , 0.158453 },
{ 0.553106 , 0.156576 },
{ 0.55511 , 0.154715 },
{ 0.557114 , 0.152868 },
{ 0.559118 , 0.151035 },
{ 0.561122 , 0.149218 },
{ 0.563126 , 0.147414 },
{ 0.56513 , 0.145626 },
{ 0.567134 , 0.143851 },
{ 0.569138 , 0.142092 },
{ 0.571142 , 0.140347 },
{ 0.573146 , 0.138616 },
{ 0.57515 , 0.1369 },
{ 0.577154 , 0.135198 },
{ 0.579158 , 0.13351 },
{ 0.581162 , 0.131837 },
{ 0.583166 , 0.130178 },
{ 0.58517 , 0.128534 },
{ 0.587174 , 0.126904 },
{ 0.589178 , 0.125288 },
{ 0.591182 , 0.123686 },
{ 0.593186 , 0.122098 },
{ 0.59519 , 0.120525 },
{ 0.597194 , 0.118965 },
{ 0.599198 , 0.11742 },
{ 0.601202 , 0.115889 },
{ 0.603206 , 0.114371 },
{ 0.60521 , 0.112868 },
{ 0.607214 , 0.111379 },
{ 0.609218 , 0.109903 },
{ 0.611222 , 0.108442 },
{ 0.613226 , 0.106994 },
{ 0.61523 , 0.10556 },
{ 0.617234 , 0.10414 },
{ 0.619238 , 0.102733 },
{ 0.621242 , 0.101341 },
{ 0.623246 , 0.0999613 },
{ 0.625251 , 0.0985956 },
{ 0.627255 , 0.0972435 },
{ 0.629259 , 0.0959049 },
{ 0.631263 , 0.0945798 },
{ 0.633267 , 0.093268 },
{ 0.635271 , 0.0919696 },
{ 0.637275 , 0.0906846 },
{ 0.639279 , 0.0894127 },
{ 0.641283 , 0.0881542 },
{ 0.643287 , 0.0869087 },
{ 0.645291 , 0.0856765 },
{ 0.647295 , 0.0844572 },
{ 0.649299 , 0.083251 },
{ 0.651303 , 0.0820578 },
{ 0.653307 , 0.0808775 },
{ 0.655311 , 0.0797101 },
{ 0.657315 , 0.0785555 },
{ 0.659319 , 0.0774137 },
{ 0.661323 , 0.0762846 },
{ 0.663327 , 0.0751682 },
{ 0.665331 , 0.0740644 },
{ 0.667335 , 0.0729731 },
{ 0.669339 , 0.0718943 },
{ 0.671343 , 0.070828 },
{ 0.673347 , 0.069774 },
{ 0.675351 , 0.0687324 },
{ 0.677355 , 0.0677031 },
{ 0.679359 , 0.066686 },
{ 0.681363 , 0.065681 },
{ 0.683367 , 0.0646881 },
{ 0.685371 , 0.0637073 },
{ 0.687375 , 0.0627385 },
{ 0.689379 , 0.0617815 },
{ 0.691383 , 0.0608365 },
{ 0.693387 , 0.0599032 },
{ 0.695391 , 0.0589817 },
{ 0.697395 , 0.0580719 },
{ 0.699399 , 0.0571736 },
{ 0.701403 , 0.0562869 },
{ 0.703407 , 0.0554117 },
{ 0.705411 , 0.054548 },
{ 0.707415 , 0.0536955 },
{ 0.709419 , 0.0528544 },
{ 0.711423 , 0.0520245 },
{ 0.713427 , 0.0512058 },
{ 0.715431 , 0.0503982 },
{ 0.717435 , 0.0496016 },
{ 0.719439 , 0.0488159 },
{ 0.721443 , 0.0480412 },
{ 0.723447 , 0.0472773 },
{ 0.725451 , 0.0465241 },
{ 0.727455 , 0.0457817 },
{ 0.729459 , 0.0450498 },
{ 0.731463 , 0.0443285 },
{ 0.733467 , 0.0436177 },
{ 0.735471 , 0.0429174 },
{ 0.737475 , 0.0422273 },
{ 0.739479 , 0.0415476 },
{ 0.741483 , 0.040878 },
{ 0.743487 , 0.0402186 },
{ 0.745491 , 0.0395693 },
{ 0.747495 , 0.0389299 },
{ 0.749499 , 0.0383004 },
{ 0.751503 , 0.0376808 },
{ 0.753507 , 0.037071 },
{ 0.755511 , 0.0364709 },
{ 0.757515 , 0.0358804 },
{ 0.759519 , 0.0352994 },
{ 0.761523 , 0.0347279 },
{ 0.763527 , 0.0341658 },
{ 0.765531 , 0.0336131 },
{ 0.767535 , 0.0330696 },
{ 0.769539 , 0.0325353 },
{ 0.771543 , 0.03201 },
{ 0.773547 , 0.0314939 },
{ 0.775551 , 0.0309866 },
{ 0.777555 , 0.0304882 },
{ 0.779559 , 0.0299987 },
{ 0.781563 , 0.0295178 },
{ 0.783567 , 0.0290456 },
{ 0.785571 , 0.028582 },
{ 0.787575 , 0.0281268 },
{ 0.789579 , 0.0276801 },
{ 0.791583 , 0.0272416 },
{ 0.793587 , 0.0268115 },
{ 0.795591 , 0.0263895 },
{ 0.797595 , 0.0259756 },
{ 0.799599 , 0.0255698 },
{ 0.801603 , 0.0251718 },
{ 0.803607 , 0.0247818 },
{ 0.805611 , 0.0243995 },
{ 0.807615 , 0.0240249 },
{ 0.809619 , 0.0236579 },
{ 0.811623 , 0.0232985 },
{ 0.813627 , 0.0229465 },
{ 0.815631 , 0.0226019 },
{ 0.817635 , 0.0222646 },
{ 0.819639 , 0.0219346 },
{ 0.821643 , 0.0216117 },
{ 0.823647 , 0.0212958 },
{ 0.825651 , 0.0209869 },
{ 0.827655 , 0.0206849 },
{ 0.829659 , 0.0203897 },
{ 0.831663 , 0.0201013 },
{ 0.833667 , 0.0198195 },
{ 0.835671 , 0.0195442 },
{ 0.837675 , 0.0192755 },
{ 0.839679 , 0.0190131 },
{ 0.841683 , 0.0187571 },
{ 0.843687 , 0.0185073 },
{ 0.845691 , 0.0182637 },
{ 0.847695 , 0.0180262 },
{ 0.849699 , 0.0177946 },
{ 0.851703 , 0.017569 },
{ 0.853707 , 0.0173492 },
{ 0.855711 , 0.0171352 },
{ 0.857715 , 0.0169268 },
{ 0.859719 , 0.016724 },
{ 0.861723 , 0.0165266 },
{ 0.863727 , 0.0163348 },
{ 0.865731 , 0.0161482 },
{ 0.867735 , 0.0159669 },
{ 0.869739 , 0.0157908 },
{ 0.871743 , 0.0156197 },
{ 0.873747 , 0.0154536 },
{ 0.875752 , 0.0152925 },
{ 0.877756 , 0.0151362 },
{ 0.87976 , 0.0149847 },
{ 0.881764 , 0.0148378 },
{ 0.883768 , 0.0146955 },
{ 0.885772 , 0.0145577 },
{ 0.887776 , 0.0144244 },
{ 0.88978 , 0.0142954 },
{ 0.891784 , 0.0141706 },
{ 0.893788 , 0.01405 },
{ 0.895792 , 0.0139335 },
{ 0.897796 , 0.0138211 },
{ 0.8998 , 0.0137125 },
{ 0.901804 , 0.0136078 },
{ 0.903808 , 0.0135068 },
{ 0.905812 , 0.0134095 },
{ 0.907816 , 0.0133159 },
{ 0.90982 , 0.0132257 },
{ 0.911824 , 0.013139 },
{ 0.913828 , 0.0130556 },
{ 0.915832 , 0.0129755 },
{ 0.917836 , 0.0128985 },
{ 0.91984 , 0.0128247 },
{ 0.921844 , 0.0127539 },
{ 0.923848 , 0.012686 },
{ 0.925852 , 0.012621 },
{ 0.927856 , 0.0125588 },
{ 0.92986 , 0.0124992 },
{ 0.931864 , 0.0124423 },
{ 0.933868 , 0.0123879 },
{ 0.935872 , 0.012336 },
{ 0.937876 , 0.0122864 },
{ 0.93988 , 0.0122392 },
{ 0.941884 , 0.0121941 },
{ 0.943888 , 0.0121512 },
{ 0.945892 , 0.0121103 },
{ 0.947896 , 0.0120714 },
{ 0.9499 , 0.0120344 },
{ 0.951904 , 0.0119992 },
{ 0.953908 , 0.0119657 },
{ 0.955912 , 0.0119339 },
{ 0.957916 , 0.0119037 },
{ 0.95992 , 0.0118749 },
{ 0.961924 , 0.0118476 },
{ 0.963928 , 0.0118216 },
{ 0.965932 , 0.0117968 },
{ 0.967936 , 0.0117733 },
{ 0.96994 , 0.0117508 },
{ 0.971944 , 0.0117294 },
{ 0.973948 , 0.011709 },
{ 0.975952 , 0.0116894 },
{ 0.977956 , 0.0116706 },
{ 0.97996 , 0.0116525 },
{ 0.981964 , 0.011635 },
{ 0.983968 , 0.0116182 },
{ 0.985972 , 0.0116018 },
{ 0.987976 , 0.0115858 },
{ 0.98998 , 0.0115702 },
{ 0.991984 , 0.0115548 },
{ 0.993988 , 0.0115397 },
{ 0.995992 , 0.0115246 },
{ 0.997996 , 0.0115096 },
{ 1 , 0.0114946 }
}