Final result:0.0144762
0.999807, 0.407912, 0.999935, 0.999887, 0.210186, 0.0363914, 0.00600628, 0.00600216, 0.00600691, 0.00757771

Parameters: 
     -t numThreads: 2
        -v verbose: 0
      -d dimension: 10
  -b minimum conc.: 0.006
  -c cooperativity: 5
              -p p: 7.8
        -s \sigma0: 0.0015
             -n N0: 0.01
 -g numGenerations: 400
      -u numAgents: 20
   -a GSS accuracy: 0.01

{{ 0 , 0.999935 },
{ 0.00200401 , 0.999856 },
{ 0.00400802 , 0.999625 },
{ 0.00601202 , 0.999245 },
{ 0.00801603 , 0.998718 },
{ 0.01002 , 0.998047 },
{ 0.012024 , 0.997236 },
{ 0.0140281 , 0.996286 },
{ 0.0160321 , 0.995202 },
{ 0.0180361 , 0.993985 },
{ 0.0200401 , 0.992638 },
{ 0.0220441 , 0.991165 },
{ 0.0240481 , 0.989567 },
{ 0.0260521 , 0.987848 },
{ 0.0280561 , 0.98601 },
{ 0.0300601 , 0.984056 },
{ 0.0320641 , 0.981988 },
{ 0.0340681 , 0.979809 },
{ 0.0360721 , 0.977522 },
{ 0.0380762 , 0.975128 },
{ 0.0400802 , 0.97263 },
{ 0.0420842 , 0.970032 },
{ 0.0440882 , 0.967334 },
{ 0.0460922 , 0.96454 },
{ 0.0480962 , 0.961652 },
{ 0.0501002 , 0.958672 },
{ 0.0521042 , 0.955602 },
{ 0.0541082 , 0.952445 },
{ 0.0561122 , 0.949203 },
{ 0.0581162 , 0.945879 },
{ 0.0601202 , 0.942473 },
{ 0.0621242 , 0.938989 },
{ 0.0641283 , 0.935429 },
{ 0.0661323 , 0.931795 },
{ 0.0681363 , 0.928088 },
{ 0.0701403 , 0.924311 },
{ 0.0721443 , 0.920466 },
{ 0.0741483 , 0.916554 },
{ 0.0761523 , 0.912579 },
{ 0.0781563 , 0.908541 },
{ 0.0801603 , 0.904443 },
{ 0.0821643 , 0.900286 },
{ 0.0841683 , 0.896072 },
{ 0.0861723 , 0.891804 },
{ 0.0881764 , 0.887483 },
{ 0.0901804 , 0.883111 },
{ 0.0921844 , 0.878689 },
{ 0.0941884 , 0.87422 },
{ 0.0961924 , 0.869704 },
{ 0.0981964 , 0.865144 },
{ 0.1002 , 0.860542 },
{ 0.102204 , 0.855898 },
{ 0.104208 , 0.851216 },
{ 0.106212 , 0.846495 },
{ 0.108216 , 0.841738 },
{ 0.11022 , 0.836946 },
{ 0.112224 , 0.832122 },
{ 0.114228 , 0.827265 },
{ 0.116232 , 0.822379 },
{ 0.118236 , 0.817463 },
{ 0.12024 , 0.81252 },
{ 0.122244 , 0.807552 },
{ 0.124248 , 0.802558 },
{ 0.126253 , 0.797542 },
{ 0.128257 , 0.792504 },
{ 0.130261 , 0.787445 },
{ 0.132265 , 0.782367 },
{ 0.134269 , 0.777271 },
{ 0.136273 , 0.772158 },
{ 0.138277 , 0.76703 },
{ 0.140281 , 0.761887 },
{ 0.142285 , 0.756732 },
{ 0.144289 , 0.751564 },
{ 0.146293 , 0.746386 },
{ 0.148297 , 0.741198 },
{ 0.150301 , 0.736002 },
{ 0.152305 , 0.730798 },
{ 0.154309 , 0.725588 },
{ 0.156313 , 0.720372 },
{ 0.158317 , 0.715152 },
{ 0.160321 , 0.709929 },
{ 0.162325 , 0.704704 },
{ 0.164329 , 0.699477 },
{ 0.166333 , 0.69425 },
{ 0.168337 , 0.689023 },
{ 0.170341 , 0.683798 },
{ 0.172345 , 0.678576 },
{ 0.174349 , 0.673356 },
{ 0.176353 , 0.668141 },
{ 0.178357 , 0.66293 },
{ 0.180361 , 0.657726 },
{ 0.182365 , 0.652528 },
{ 0.184369 , 0.647337 },
{ 0.186373 , 0.642154 },
{ 0.188377 , 0.636981 },
{ 0.190381 , 0.631817 },
{ 0.192385 , 0.626663 },
{ 0.194389 , 0.62152 },
{ 0.196393 , 0.616389 },
{ 0.198397 , 0.611271 },
{ 0.200401 , 0.606165 },
{ 0.202405 , 0.601073 },
{ 0.204409 , 0.595996 },
{ 0.206413 , 0.590933 },
{ 0.208417 , 0.585886 },
{ 0.210421 , 0.580855 },
{ 0.212425 , 0.575841 },
{ 0.214429 , 0.570844 },
{ 0.216433 , 0.565864 },
{ 0.218437 , 0.560903 },
{ 0.220441 , 0.555961 },
{ 0.222445 , 0.551037 },
{ 0.224449 , 0.546134 },
{ 0.226453 , 0.54125 },
{ 0.228457 , 0.536388 },
{ 0.230461 , 0.531546 },
{ 0.232465 , 0.526725 },
{ 0.234469 , 0.521927 },
{ 0.236473 , 0.517151 },
{ 0.238477 , 0.512397 },
{ 0.240481 , 0.507666 },
{ 0.242485 , 0.502959 },
{ 0.244489 , 0.498275 },
{ 0.246493 , 0.493615 },
{ 0.248497 , 0.48898 },
{ 0.250501 , 0.484369 },
{ 0.252505 , 0.479783 },
{ 0.254509 , 0.475222 },
{ 0.256513 , 0.470687 },
{ 0.258517 , 0.466177 },
{ 0.260521 , 0.461694 },
{ 0.262525 , 0.457236 },
{ 0.264529 , 0.452805 },
{ 0.266533 , 0.4484 },
{ 0.268537 , 0.444022 },
{ 0.270541 , 0.439671 },
{ 0.272545 , 0.435348 },
{ 0.274549 , 0.431051 },
{ 0.276553 , 0.426782 },
{ 0.278557 , 0.422541 },
{ 0.280561 , 0.418327 },
{ 0.282565 , 0.414141 },
{ 0.284569 , 0.409983 },
{ 0.286573 , 0.405854 },
{ 0.288577 , 0.401752 },
{ 0.290581 , 0.397679 },
{ 0.292585 , 0.393634 },
{ 0.294589 , 0.389618 },
{ 0.296593 , 0.38563 },
{ 0.298597 , 0.38167 },
{ 0.300601 , 0.37774 },
{ 0.302605 , 0.373838 },
{ 0.304609 , 0.369964 },
{ 0.306613 , 0.366119 },
{ 0.308617 , 0.362303 },
{ 0.310621 , 0.358516 },
{ 0.312625 , 0.354758 },
{ 0.314629 , 0.351028 },
{ 0.316633 , 0.347327 },
{ 0.318637 , 0.343654 },
{ 0.320641 , 0.34001 },
{ 0.322645 , 0.336395 },
{ 0.324649 , 0.332809 },
{ 0.326653 , 0.32925 },
{ 0.328657 , 0.325721 },
{ 0.330661 , 0.32222 },
{ 0.332665 , 0.318747 },
{ 0.334669 , 0.315303 },
{ 0.336673 , 0.311886 },
{ 0.338677 , 0.308498 },
{ 0.340681 , 0.305138 },
{ 0.342685 , 0.301806 },
{ 0.344689 , 0.298502 },
{ 0.346693 , 0.295226 },
{ 0.348697 , 0.291977 },
{ 0.350701 , 0.288756 },
{ 0.352705 , 0.285563 },
{ 0.354709 , 0.282396 },
{ 0.356713 , 0.279257 },
{ 0.358717 , 0.276146 },
{ 0.360721 , 0.273061 },
{ 0.362725 , 0.270003 },
{ 0.364729 , 0.266971 },
{ 0.366733 , 0.263967 },
{ 0.368737 , 0.260989 },
{ 0.370741 , 0.258037 },
{ 0.372745 , 0.255111 },
{ 0.374749 , 0.252211 },
{ 0.376754 , 0.249338 },
{ 0.378758 , 0.24649 },
{ 0.380762 , 0.243667 },
{ 0.382766 , 0.24087 },
{ 0.38477 , 0.238099 },
{ 0.386774 , 0.235352 },
{ 0.388778 , 0.232631 },
{ 0.390782 , 0.229934 },
{ 0.392786 , 0.227262 },
{ 0.39479 , 0.224615 },
{ 0.396794 , 0.221991 },
{ 0.398798 , 0.219392 },
{ 0.400802 , 0.216817 },
{ 0.402806 , 0.214266 },
{ 0.40481 , 0.211739 },
{ 0.406814 , 0.209235 },
{ 0.408818 , 0.206755 },
{ 0.410822 , 0.204298 },
{ 0.412826 , 0.201864 },
{ 0.41483 , 0.199453 },
{ 0.416834 , 0.197064 },
{ 0.418838 , 0.194699 },
{ 0.420842 , 0.192356 },
{ 0.422846 , 0.190035 },
{ 0.42485 , 0.187736 },
{ 0.426854 , 0.185459 },
{ 0.428858 , 0.183204 },
{ 0.430862 , 0.180971 },
{ 0.432866 , 0.17876 },
{ 0.43487 , 0.176569 },
{ 0.436874 , 0.1744 },
{ 0.438878 , 0.172253 },
{ 0.440882 , 0.170126 },
{ 0.442886 , 0.16802 },
{ 0.44489 , 0.165934 },
{ 0.446894 , 0.163869 },
{ 0.448898 , 0.161825 },
{ 0.450902 , 0.159801 },
{ 0.452906 , 0.157797 },
{ 0.45491 , 0.155813 },
{ 0.456914 , 0.153848 },
{ 0.458918 , 0.151903 },
{ 0.460922 , 0.149978 },
{ 0.462926 , 0.148073 },
{ 0.46493 , 0.146186 },
{ 0.466934 , 0.144319 },
{ 0.468938 , 0.14247 },
{ 0.470942 , 0.140641 },
{ 0.472946 , 0.13883 },
{ 0.47495 , 0.137037 },
{ 0.476954 , 0.135264 },
{ 0.478958 , 0.133508 },
{ 0.480962 , 0.131771 },
{ 0.482966 , 0.130051 },
{ 0.48497 , 0.12835 },
{ 0.486974 , 0.126666 },
{ 0.488978 , 0.125 },
{ 0.490982 , 0.123351 },
{ 0.492986 , 0.12172 },
{ 0.49499 , 0.120106 },
{ 0.496994 , 0.118509 },
{ 0.498998 , 0.116929 },
{ 0.501002 , 0.115366 },
{ 0.503006 , 0.11382 },
{ 0.50501 , 0.11229 },
{ 0.507014 , 0.110777 },
{ 0.509018 , 0.10928 },
{ 0.511022 , 0.107799 },
{ 0.513026 , 0.106334 },
{ 0.51503 , 0.104886 },
{ 0.517034 , 0.103453 },
{ 0.519038 , 0.102036 },
{ 0.521042 , 0.100634 },
{ 0.523046 , 0.0992485 },
{ 0.52505 , 0.097878 },
{ 0.527054 , 0.0965226 },
{ 0.529058 , 0.0951824 },
{ 0.531062 , 0.0938572 },
{ 0.533066 , 0.0925469 },
{ 0.53507 , 0.0912514 },
{ 0.537074 , 0.0899705 },
{ 0.539078 , 0.0887042 },
{ 0.541082 , 0.0874523 },
{ 0.543086 , 0.0862147 },
{ 0.54509 , 0.0849913 },
{ 0.547094 , 0.083782 },
{ 0.549098 , 0.0825867 },
{ 0.551102 , 0.0814052 },
{ 0.553106 , 0.0802374 },
{ 0.55511 , 0.0790833 },
{ 0.557114 , 0.0779427 },
{ 0.559118 , 0.0768155 },
{ 0.561122 , 0.0757016 },
{ 0.563126 , 0.0746009 },
{ 0.56513 , 0.0735133 },
{ 0.567134 , 0.0724387 },
{ 0.569138 , 0.0713769 },
{ 0.571142 , 0.0703279 },
{ 0.573146 , 0.0692915 },
{ 0.57515 , 0.0682677 },
{ 0.577154 , 0.0672563 },
{ 0.579158 , 0.0662573 },
{ 0.581162 , 0.0652705 },
{ 0.583166 , 0.0642958 },
{ 0.58517 , 0.0633331 },
{ 0.587174 , 0.0623824 },
{ 0.589178 , 0.0614435 },
{ 0.591182 , 0.0605163 },
{ 0.593186 , 0.0596007 },
{ 0.59519 , 0.0586966 },
{ 0.597194 , 0.057804 },
{ 0.599198 , 0.0569226 },
{ 0.601202 , 0.0560525 },
{ 0.603206 , 0.0551935 },
{ 0.60521 , 0.0543455 },
{ 0.607214 , 0.0535085 },
{ 0.609218 , 0.0526823 },
{ 0.611222 , 0.0518668 },
{ 0.613226 , 0.0510619 },
{ 0.61523 , 0.0502676 },
{ 0.617234 , 0.0494838 },
{ 0.619238 , 0.0487102 },
{ 0.621242 , 0.047947 },
{ 0.623246 , 0.0471939 },
{ 0.625251 , 0.0464509 },
{ 0.627255 , 0.0457179 },
{ 0.629259 , 0.0449947 },
{ 0.631263 , 0.0442814 },
{ 0.633267 , 0.0435777 },
{ 0.635271 , 0.0428837 },
{ 0.637275 , 0.0421992 },
{ 0.639279 , 0.0415242 },
{ 0.641283 , 0.0408585 },
{ 0.643287 , 0.0402021 },
{ 0.645291 , 0.0395548 },
{ 0.647295 , 0.0389166 },
{ 0.649299 , 0.0382875 },
{ 0.651303 , 0.0376672 },
{ 0.653307 , 0.0370558 },
{ 0.655311 , 0.0364532 },
{ 0.657315 , 0.0358592 },
{ 0.659319 , 0.0352737 },
{ 0.661323 , 0.0346968 },
{ 0.663327 , 0.0341283 },
{ 0.665331 , 0.0335681 },
{ 0.667335 , 0.0330161 },
{ 0.669339 , 0.0324724 },
{ 0.671343 , 0.0319367 },
{ 0.673347 , 0.031409 },
{ 0.675351 , 0.0308892 },
{ 0.677355 , 0.0303773 },
{ 0.679359 , 0.0298731 },
{ 0.681363 , 0.0293767 },
{ 0.683367 , 0.0288878 },
{ 0.685371 , 0.0284065 },
{ 0.687375 , 0.0279326 },
{ 0.689379 , 0.0274661 },
{ 0.691383 , 0.0270069 },
{ 0.693387 , 0.0265549 },
{ 0.695391 , 0.0261101 },
{ 0.697395 , 0.0256723 },
{ 0.699399 , 0.0252415 },
{ 0.701403 , 0.0248177 },
{ 0.703407 , 0.0244007 },
{ 0.705411 , 0.0239905 },
{ 0.707415 , 0.023587 },
{ 0.709419 , 0.0231901 },
{ 0.711423 , 0.0227998 },
{ 0.713427 , 0.022416 },
{ 0.715431 , 0.0220386 },
{ 0.717435 , 0.0216676 },
{ 0.719439 , 0.0213028 },
{ 0.721443 , 0.0209442 },
{ 0.723447 , 0.0205918 },
{ 0.725451 , 0.0202455 },
{ 0.727455 , 0.0199051 },
{ 0.729459 , 0.0195707 },
{ 0.731463 , 0.0192422 },
{ 0.733467 , 0.0189194 },
{ 0.735471 , 0.0186024 },
{ 0.737475 , 0.018291 },
{ 0.739479 , 0.0179853 },
{ 0.741483 , 0.0176851 },
{ 0.743487 , 0.0173904 },
{ 0.745491 , 0.017101 },
{ 0.747495 , 0.016817 },
{ 0.749499 , 0.0165383 },
{ 0.751503 , 0.0162648 },
{ 0.753507 , 0.0159965 },
{ 0.755511 , 0.0157332 },
{ 0.757515 , 0.015475 },
{ 0.759519 , 0.0152218 },
{ 0.761523 , 0.0149734 },
{ 0.763527 , 0.0147299 },
{ 0.765531 , 0.0144912 },
{ 0.767535 , 0.0142572 },
{ 0.769539 , 0.0140279 },
{ 0.771543 , 0.0138031 },
{ 0.773547 , 0.013583 },
{ 0.775551 , 0.0133673 },
{ 0.777555 , 0.013156 },
{ 0.779559 , 0.0129491 },
{ 0.781563 , 0.0127466 },
{ 0.783567 , 0.0125482 },
{ 0.785571 , 0.0123541 },
{ 0.787575 , 0.0121642 },
{ 0.789579 , 0.0119783 },
{ 0.791583 , 0.0117964 },
{ 0.793587 , 0.0116186 },
{ 0.795591 , 0.0114447 },
{ 0.797595 , 0.0112746 },
{ 0.799599 , 0.0111083 },
{ 0.801603 , 0.0109459 },
{ 0.803607 , 0.0107871 },
{ 0.805611 , 0.010632 },
{ 0.807615 , 0.0104805 },
{ 0.809619 , 0.0103325 },
{ 0.811623 , 0.010188 },
{ 0.813627 , 0.010047 },
{ 0.815631 , 0.00990944 },
{ 0.817635 , 0.00977518 },
{ 0.819639 , 0.00964422 },
{ 0.821643 , 0.00951652 },
{ 0.823647 , 0.00939201 },
{ 0.825651 , 0.00927065 },
{ 0.827655 , 0.00915239 },
{ 0.829659 , 0.00903719 },
{ 0.831663 , 0.00892499 },
{ 0.833667 , 0.00881574 },
{ 0.835671 , 0.00870941 },
{ 0.837675 , 0.00860594 },
{ 0.839679 , 0.00850529 },
{ 0.841683 , 0.0084074 },
{ 0.843687 , 0.00831224 },
{ 0.845691 , 0.00821976 },
{ 0.847695 , 0.0081299 },
{ 0.849699 , 0.00804264 },
{ 0.851703 , 0.00795791 },
{ 0.853707 , 0.00787569 },
{ 0.855711 , 0.00779592 },
{ 0.857715 , 0.00771856 },
{ 0.859719 , 0.00764356 },
{ 0.861723 , 0.00757089 },
{ 0.863727 , 0.0075005 },
{ 0.865731 , 0.00743235 },
{ 0.867735 , 0.00736639 },
{ 0.869739 , 0.00730259 },
{ 0.871743 , 0.0072409 },
{ 0.873747 , 0.00718128 },
{ 0.875752 , 0.00712369 },
{ 0.877756 , 0.00706809 },
{ 0.87976 , 0.00701444 },
{ 0.881764 , 0.0069627 },
{ 0.883768 , 0.00691283 },
{ 0.885772 , 0.00686478 },
{ 0.887776 , 0.00681853 },
{ 0.88978 , 0.00677404 },
{ 0.891784 , 0.00673125 },
{ 0.893788 , 0.00669014 },
{ 0.895792 , 0.00665067 },
{ 0.897796 , 0.0066128 },
{ 0.8998 , 0.00657649 },
{ 0.901804 , 0.00654171 },
{ 0.903808 , 0.00650842 },
{ 0.905812 , 0.00647657 },
{ 0.907816 , 0.00644615 },
{ 0.90982 , 0.0064171 },
{ 0.911824 , 0.0063894 },
{ 0.913828 , 0.00636301 },
{ 0.915832 , 0.00633789 },
{ 0.917836 , 0.00631401 },
{ 0.91984 , 0.00629133 },
{ 0.921844 , 0.00626983 },
{ 0.923848 , 0.00624946 },
{ 0.925852 , 0.00623019 },
{ 0.927856 , 0.00621199 },
{ 0.92986 , 0.00619483 },
{ 0.931864 , 0.00617867 },
{ 0.933868 , 0.00616348 },
{ 0.935872 , 0.00614923 },
{ 0.937876 , 0.00613588 },
{ 0.93988 , 0.00612341 },
{ 0.941884 , 0.00611178 },
{ 0.943888 , 0.00610095 },
{ 0.945892 , 0.00609091 },
{ 0.947896 , 0.00608162 },
{ 0.9499 , 0.00607304 },
{ 0.951904 , 0.00606515 },
{ 0.953908 , 0.00605792 },
{ 0.955912 , 0.00605131 },
{ 0.957916 , 0.0060453 },
{ 0.95992 , 0.00603986 },
{ 0.961924 , 0.00603496 },
{ 0.963928 , 0.00603057 },
{ 0.965932 , 0.00602665 },
{ 0.967936 , 0.00602319 },
{ 0.96994 , 0.00602016 },
{ 0.971944 , 0.00601752 },
{ 0.973948 , 0.00601524 },
{ 0.975952 , 0.00601331 },
{ 0.977956 , 0.00601169 },
{ 0.97996 , 0.00601036 },
{ 0.981964 , 0.00600928 },
{ 0.983968 , 0.00600844 },
{ 0.985972 , 0.0060078 },
{ 0.987976 , 0.00600734 },
{ 0.98998 , 0.00600704 },
{ 0.991984 , 0.00600686 },
{ 0.993988 , 0.00600678 },
{ 0.995992 , 0.00600678 },
{ 0.997996 , 0.00600683 },
{ 1 , 0.00757771 }
}