Final result:0.0249609
0.152019, 1, 1, 0.262126, 0.126407, 0.0653492, 0.0182322, 0.006

Parameters: 
     -t numThreads: 2
        -v verbose: 1
      -d dimension: 8
  -b minimum conc.: 0.006
  -c cooperativity: 6
              -p p: 7.8
        -s \sigma0: 0.0015
             -n N0: 0.01
 -g numGenerations: 500
      -u numAgents: 20
   -a GSS accuracy: 0.01

{{ 0 , 1 },
{ 0.00200401 , 0.999808 },
{ 0.00400802 , 0.999243 },
{ 0.00601202 , 0.998322 },
{ 0.00801603 , 0.997061 },
{ 0.01002 , 0.995476 },
{ 0.012024 , 0.993582 },
{ 0.0140281 , 0.991394 },
{ 0.0160321 , 0.988926 },
{ 0.0180361 , 0.986193 },
{ 0.0200401 , 0.983207 },
{ 0.0220441 , 0.979983 },
{ 0.0240481 , 0.976533 },
{ 0.0260521 , 0.97287 },
{ 0.0280561 , 0.969005 },
{ 0.0300601 , 0.96495 },
{ 0.0320641 , 0.960716 },
{ 0.0340681 , 0.956315 },
{ 0.0360721 , 0.951756 },
{ 0.0380762 , 0.947051 },
{ 0.0400802 , 0.942208 },
{ 0.0420842 , 0.937237 },
{ 0.0440882 , 0.932147 },
{ 0.0460922 , 0.926948 },
{ 0.0480962 , 0.921647 },
{ 0.0501002 , 0.916252 },
{ 0.0521042 , 0.910773 },
{ 0.0541082 , 0.905215 },
{ 0.0561122 , 0.899586 },
{ 0.0581162 , 0.893893 },
{ 0.0601202 , 0.888143 },
{ 0.0621242 , 0.882342 },
{ 0.0641283 , 0.876495 },
{ 0.0661323 , 0.87061 },
{ 0.0681363 , 0.864691 },
{ 0.0701403 , 0.858743 },
{ 0.0721443 , 0.852772 },
{ 0.0741483 , 0.846782 },
{ 0.0761523 , 0.840778 },
{ 0.0781563 , 0.834763 },
{ 0.0801603 , 0.828743 },
{ 0.0821643 , 0.82272 },
{ 0.0841683 , 0.816699 },
{ 0.0861723 , 0.810682 },
{ 0.0881764 , 0.804674 },
{ 0.0901804 , 0.798676 },
{ 0.0921844 , 0.792691 },
{ 0.0941884 , 0.786723 },
{ 0.0961924 , 0.780774 },
{ 0.0981964 , 0.774845 },
{ 0.1002 , 0.768939 },
{ 0.102204 , 0.763057 },
{ 0.104208 , 0.757202 },
{ 0.106212 , 0.751375 },
{ 0.108216 , 0.745578 },
{ 0.11022 , 0.739811 },
{ 0.112224 , 0.734076 },
{ 0.114228 , 0.728374 },
{ 0.116232 , 0.722706 },
{ 0.118236 , 0.717072 },
{ 0.12024 , 0.711474 },
{ 0.122244 , 0.705911 },
{ 0.124248 , 0.700385 },
{ 0.126253 , 0.694896 },
{ 0.128257 , 0.689444 },
{ 0.130261 , 0.684029 },
{ 0.132265 , 0.678651 },
{ 0.134269 , 0.673312 },
{ 0.136273 , 0.668009 },
{ 0.138277 , 0.662745 },
{ 0.140281 , 0.657518 },
{ 0.142285 , 0.652328 },
{ 0.144289 , 0.647176 },
{ 0.146293 , 0.642061 },
{ 0.148297 , 0.636982 },
{ 0.150301 , 0.631941 },
{ 0.152305 , 0.626936 },
{ 0.154309 , 0.621968 },
{ 0.156313 , 0.617035 },
{ 0.158317 , 0.612139 },
{ 0.160321 , 0.607278 },
{ 0.162325 , 0.602452 },
{ 0.164329 , 0.597662 },
{ 0.166333 , 0.592907 },
{ 0.168337 , 0.588186 },
{ 0.170341 , 0.5835 },
{ 0.172345 , 0.578849 },
{ 0.174349 , 0.574232 },
{ 0.176353 , 0.569648 },
{ 0.178357 , 0.565099 },
{ 0.180361 , 0.560582 },
{ 0.182365 , 0.5561 },
{ 0.184369 , 0.55165 },
{ 0.186373 , 0.547233 },
{ 0.188377 , 0.542849 },
{ 0.190381 , 0.538498 },
{ 0.192385 , 0.534178 },
{ 0.194389 , 0.529891 },
{ 0.196393 , 0.525636 },
{ 0.198397 , 0.521412 },
{ 0.200401 , 0.51722 },
{ 0.202405 , 0.513059 },
{ 0.204409 , 0.50893 },
{ 0.206413 , 0.504831 },
{ 0.208417 , 0.500763 },
{ 0.210421 , 0.496725 },
{ 0.212425 , 0.492718 },
{ 0.214429 , 0.488741 },
{ 0.216433 , 0.484793 },
{ 0.218437 , 0.480876 },
{ 0.220441 , 0.476988 },
{ 0.222445 , 0.473129 },
{ 0.224449 , 0.469299 },
{ 0.226453 , 0.465499 },
{ 0.228457 , 0.461727 },
{ 0.230461 , 0.457984 },
{ 0.232465 , 0.454269 },
{ 0.234469 , 0.450582 },
{ 0.236473 , 0.446923 },
{ 0.238477 , 0.443293 },
{ 0.240481 , 0.439689 },
{ 0.242485 , 0.436114 },
{ 0.244489 , 0.432565 },
{ 0.246493 , 0.429044 },
{ 0.248497 , 0.42555 },
{ 0.250501 , 0.422082 },
{ 0.252505 , 0.418641 },
{ 0.254509 , 0.415227 },
{ 0.256513 , 0.411838 },
{ 0.258517 , 0.408476 },
{ 0.260521 , 0.40514 },
{ 0.262525 , 0.401829 },
{ 0.264529 , 0.398543 },
{ 0.266533 , 0.395284 },
{ 0.268537 , 0.392049 },
{ 0.270541 , 0.388839 },
{ 0.272545 , 0.385654 },
{ 0.274549 , 0.382494 },
{ 0.276553 , 0.379358 },
{ 0.278557 , 0.376247 },
{ 0.280561 , 0.37316 },
{ 0.282565 , 0.370097 },
{ 0.284569 , 0.367057 },
{ 0.286573 , 0.364041 },
{ 0.288577 , 0.361049 },
{ 0.290581 , 0.35808 },
{ 0.292585 , 0.355135 },
{ 0.294589 , 0.352212 },
{ 0.296593 , 0.349312 },
{ 0.298597 , 0.346435 },
{ 0.300601 , 0.34358 },
{ 0.302605 , 0.340748 },
{ 0.304609 , 0.337938 },
{ 0.306613 , 0.33515 },
{ 0.308617 , 0.332384 },
{ 0.310621 , 0.32964 },
{ 0.312625 , 0.326917 },
{ 0.314629 , 0.324216 },
{ 0.316633 , 0.321536 },
{ 0.318637 , 0.318877 },
{ 0.320641 , 0.316239 },
{ 0.322645 , 0.313622 },
{ 0.324649 , 0.311026 },
{ 0.326653 , 0.30845 },
{ 0.328657 , 0.305894 },
{ 0.330661 , 0.303359 },
{ 0.332665 , 0.300844 },
{ 0.334669 , 0.298349 },
{ 0.336673 , 0.295874 },
{ 0.338677 , 0.293418 },
{ 0.340681 , 0.290982 },
{ 0.342685 , 0.288565 },
{ 0.344689 , 0.286167 },
{ 0.346693 , 0.283789 },
{ 0.348697 , 0.281429 },
{ 0.350701 , 0.279089 },
{ 0.352705 , 0.276767 },
{ 0.354709 , 0.274463 },
{ 0.356713 , 0.272178 },
{ 0.358717 , 0.269911 },
{ 0.360721 , 0.267662 },
{ 0.362725 , 0.265431 },
{ 0.364729 , 0.263218 },
{ 0.366733 , 0.261023 },
{ 0.368737 , 0.258846 },
{ 0.370741 , 0.256685 },
{ 0.372745 , 0.254542 },
{ 0.374749 , 0.252417 },
{ 0.376754 , 0.250308 },
{ 0.378758 , 0.248216 },
{ 0.380762 , 0.246141 },
{ 0.382766 , 0.244083 },
{ 0.38477 , 0.242041 },
{ 0.386774 , 0.240016 },
{ 0.388778 , 0.238007 },
{ 0.390782 , 0.236014 },
{ 0.392786 , 0.234037 },
{ 0.39479 , 0.232076 },
{ 0.396794 , 0.230131 },
{ 0.398798 , 0.228201 },
{ 0.400802 , 0.226287 },
{ 0.402806 , 0.224388 },
{ 0.40481 , 0.222505 },
{ 0.406814 , 0.220637 },
{ 0.408818 , 0.218784 },
{ 0.410822 , 0.216946 },
{ 0.412826 , 0.215123 },
{ 0.41483 , 0.213314 },
{ 0.416834 , 0.21152 },
{ 0.418838 , 0.20974 },
{ 0.420842 , 0.207975 },
{ 0.422846 , 0.206224 },
{ 0.42485 , 0.204488 },
{ 0.426854 , 0.202765 },
{ 0.428858 , 0.201056 },
{ 0.430862 , 0.199361 },
{ 0.432866 , 0.197679 },
{ 0.43487 , 0.196011 },
{ 0.436874 , 0.194357 },
{ 0.438878 , 0.192716 },
{ 0.440882 , 0.191088 },
{ 0.442886 , 0.189474 },
{ 0.44489 , 0.187872 },
{ 0.446894 , 0.186283 },
{ 0.448898 , 0.184707 },
{ 0.450902 , 0.183144 },
{ 0.452906 , 0.181593 },
{ 0.45491 , 0.180055 },
{ 0.456914 , 0.17853 },
{ 0.458918 , 0.177016 },
{ 0.460922 , 0.175515 },
{ 0.462926 , 0.174026 },
{ 0.46493 , 0.172549 },
{ 0.466934 , 0.171084 },
{ 0.468938 , 0.16963 },
{ 0.470942 , 0.168188 },
{ 0.472946 , 0.166758 },
{ 0.47495 , 0.16534 },
{ 0.476954 , 0.163932 },
{ 0.478958 , 0.162537 },
{ 0.480962 , 0.161152 },
{ 0.482966 , 0.159778 },
{ 0.48497 , 0.158416 },
{ 0.486974 , 0.157064 },
{ 0.488978 , 0.155723 },
{ 0.490982 , 0.154393 },
{ 0.492986 , 0.153074 },
{ 0.49499 , 0.151765 },
{ 0.496994 , 0.150467 },
{ 0.498998 , 0.149179 },
{ 0.501002 , 0.147901 },
{ 0.503006 , 0.146633 },
{ 0.50501 , 0.145376 },
{ 0.507014 , 0.144129 },
{ 0.509018 , 0.142891 },
{ 0.511022 , 0.141664 },
{ 0.513026 , 0.140446 },
{ 0.51503 , 0.139238 },
{ 0.517034 , 0.138039 },
{ 0.519038 , 0.13685 },
{ 0.521042 , 0.135671 },
{ 0.523046 , 0.134501 },
{ 0.52505 , 0.13334 },
{ 0.527054 , 0.132188 },
{ 0.529058 , 0.131045 },
{ 0.531062 , 0.129912 },
{ 0.533066 , 0.128787 },
{ 0.53507 , 0.127672 },
{ 0.537074 , 0.126565 },
{ 0.539078 , 0.125466 },
{ 0.541082 , 0.124377 },
{ 0.543086 , 0.123296 },
{ 0.54509 , 0.122223 },
{ 0.547094 , 0.121159 },
{ 0.549098 , 0.120103 },
{ 0.551102 , 0.119056 },
{ 0.553106 , 0.118016 },
{ 0.55511 , 0.116985 },
{ 0.557114 , 0.115962 },
{ 0.559118 , 0.114947 },
{ 0.561122 , 0.113939 },
{ 0.563126 , 0.11294 },
{ 0.56513 , 0.111948 },
{ 0.567134 , 0.110964 },
{ 0.569138 , 0.109988 },
{ 0.571142 , 0.109019 },
{ 0.573146 , 0.108057 },
{ 0.57515 , 0.107103 },
{ 0.577154 , 0.106157 },
{ 0.579158 , 0.105217 },
{ 0.581162 , 0.104285 },
{ 0.583166 , 0.10336 },
{ 0.58517 , 0.102442 },
{ 0.587174 , 0.101531 },
{ 0.589178 , 0.100628 },
{ 0.591182 , 0.0997306 },
{ 0.593186 , 0.0988404 },
{ 0.59519 , 0.097957 },
{ 0.597194 , 0.0970804 },
{ 0.599198 , 0.0962103 },
{ 0.601202 , 0.0953469 },
{ 0.603206 , 0.09449 },
{ 0.60521 , 0.0936396 },
{ 0.607214 , 0.0927956 },
{ 0.609218 , 0.0919579 },
{ 0.611222 , 0.0911265 },
{ 0.613226 , 0.0903014 },
{ 0.61523 , 0.0894825 },
{ 0.617234 , 0.0886697 },
{ 0.619238 , 0.0878629 },
{ 0.621242 , 0.0870622 },
{ 0.623246 , 0.0862675 },
{ 0.625251 , 0.0854786 },
{ 0.627255 , 0.0846956 },
{ 0.629259 , 0.0839185 },
{ 0.631263 , 0.083147 },
{ 0.633267 , 0.0823813 },
{ 0.635271 , 0.0816212 },
{ 0.637275 , 0.0808667 },
{ 0.639279 , 0.0801178 },
{ 0.641283 , 0.0793743 },
{ 0.643287 , 0.0786363 },
{ 0.645291 , 0.0779037 },
{ 0.647295 , 0.0771765 },
{ 0.649299 , 0.0764546 },
{ 0.651303 , 0.0757379 },
{ 0.653307 , 0.0750264 },
{ 0.655311 , 0.0743201 },
{ 0.657315 , 0.0736189 },
{ 0.659319 , 0.0729227 },
{ 0.661323 , 0.0722316 },
{ 0.663327 , 0.0715455 },
{ 0.665331 , 0.0708643 },
{ 0.667335 , 0.070188 },
{ 0.669339 , 0.0695166 },
{ 0.671343 , 0.0688499 },
{ 0.673347 , 0.0681881 },
{ 0.675351 , 0.0675309 },
{ 0.677355 , 0.0668785 },
{ 0.679359 , 0.0662306 },
{ 0.681363 , 0.0655874 },
{ 0.683367 , 0.0649488 },
{ 0.685371 , 0.0643147 },
{ 0.687375 , 0.063685 },
{ 0.689379 , 0.0630598 },
{ 0.691383 , 0.062439 },
{ 0.693387 , 0.0618226 },
{ 0.695391 , 0.0612105 },
{ 0.697395 , 0.0606028 },
{ 0.699399 , 0.0599993 },
{ 0.701403 , 0.0594 },
{ 0.703407 , 0.0588049 },
{ 0.705411 , 0.0582139 },
{ 0.707415 , 0.0576271 },
{ 0.709419 , 0.0570444 },
{ 0.711423 , 0.0564657 },
{ 0.713427 , 0.0558911 },
{ 0.715431 , 0.0553204 },
{ 0.717435 , 0.0547537 },
{ 0.719439 , 0.054191 },
{ 0.721443 , 0.0536321 },
{ 0.723447 , 0.0530771 },
{ 0.725451 , 0.0525259 },
{ 0.727455 , 0.0519786 },
{ 0.729459 , 0.051435 },
{ 0.731463 , 0.0508952 },
{ 0.733467 , 0.050359 },
{ 0.735471 , 0.0498266 },
{ 0.737475 , 0.0492978 },
{ 0.739479 , 0.0487727 },
{ 0.741483 , 0.0482512 },
{ 0.743487 , 0.0477333 },
{ 0.745491 , 0.0472189 },
{ 0.747495 , 0.0467081 },
{ 0.749499 , 0.0462007 },
{ 0.751503 , 0.0456969 },
{ 0.753507 , 0.0451965 },
{ 0.755511 , 0.0446995 },
{ 0.757515 , 0.044206 },
{ 0.759519 , 0.0437158 },
{ 0.761523 , 0.043229 },
{ 0.763527 , 0.0427456 },
{ 0.765531 , 0.0422654 },
{ 0.767535 , 0.0417886 },
{ 0.769539 , 0.0413151 },
{ 0.771543 , 0.0408448 },
{ 0.773547 , 0.0403777 },
{ 0.775551 , 0.0399139 },
{ 0.777555 , 0.0394532 },
{ 0.779559 , 0.0389958 },
{ 0.781563 , 0.0385415 },
{ 0.783567 , 0.0380903 },
{ 0.785571 , 0.0376423 },
{ 0.787575 , 0.0371973 },
{ 0.789579 , 0.0367555 },
{ 0.791583 , 0.0363167 },
{ 0.793587 , 0.035881 },
{ 0.795591 , 0.0354483 },
{ 0.797595 , 0.0350187 },
{ 0.799599 , 0.034592 },
{ 0.801603 , 0.0341684 },
{ 0.803607 , 0.0337477 },
{ 0.805611 , 0.03333 },
{ 0.807615 , 0.0329153 },
{ 0.809619 , 0.0325035 },
{ 0.811623 , 0.0320946 },
{ 0.813627 , 0.0316886 },
{ 0.815631 , 0.0312856 },
{ 0.817635 , 0.0308854 },
{ 0.819639 , 0.0304881 },
{ 0.821643 , 0.0300936 },
{ 0.823647 , 0.0297021 },
{ 0.825651 , 0.0293133 },
{ 0.827655 , 0.0289274 },
{ 0.829659 , 0.0285443 },
{ 0.831663 , 0.0281641 },
{ 0.833667 , 0.0277866 },
{ 0.835671 , 0.0274119 },
{ 0.837675 , 0.02704 },
{ 0.839679 , 0.0266709 },
{ 0.841683 , 0.0263046 },
{ 0.843687 , 0.0259411 },
{ 0.845691 , 0.0255802 },
{ 0.847695 , 0.0252222 },
{ 0.849699 , 0.0248669 },
{ 0.851703 , 0.0245143 },
{ 0.853707 , 0.0241645 },
{ 0.855711 , 0.0238173 },
{ 0.857715 , 0.0234729 },
{ 0.859719 , 0.0231313 },
{ 0.861723 , 0.0227923 },
{ 0.863727 , 0.022456 },
{ 0.865731 , 0.0221225 },
{ 0.867735 , 0.0217916 },
{ 0.869739 , 0.0214635 },
{ 0.871743 , 0.021138 },
{ 0.873747 , 0.0208152 },
{ 0.875752 , 0.0204951 },
{ 0.877756 , 0.0201777 },
{ 0.87976 , 0.019863 },
{ 0.881764 , 0.019551 },
{ 0.883768 , 0.0192416 },
{ 0.885772 , 0.018935 },
{ 0.887776 , 0.018631 },
{ 0.88978 , 0.0183297 },
{ 0.891784 , 0.0180311 },
{ 0.893788 , 0.0177351 },
{ 0.895792 , 0.0174419 },
{ 0.897796 , 0.0171513 },
{ 0.8998 , 0.0168634 },
{ 0.901804 , 0.0165782 },
{ 0.903808 , 0.0162957 },
{ 0.905812 , 0.0160158 },
{ 0.907816 , 0.0157387 },
{ 0.90982 , 0.0154643 },
{ 0.911824 , 0.0151925 },
{ 0.913828 , 0.0149235 },
{ 0.915832 , 0.0146572 },
{ 0.917836 , 0.0143935 },
{ 0.91984 , 0.0141326 },
{ 0.921844 , 0.0138744 },
{ 0.923848 , 0.013619 },
{ 0.925852 , 0.0133662 },
{ 0.927856 , 0.0131162 },
{ 0.92986 , 0.0128689 },
{ 0.931864 , 0.0126244 },
{ 0.933868 , 0.0123826 },
{ 0.935872 , 0.0121436 },
{ 0.937876 , 0.0119073 },
{ 0.93988 , 0.0116738 },
{ 0.941884 , 0.0114431 },
{ 0.943888 , 0.0112152 },
{ 0.945892 , 0.01099 },
{ 0.947896 , 0.0107677 },
{ 0.9499 , 0.0105482 },
{ 0.951904 , 0.0103314 },
{ 0.953908 , 0.0101175 },
{ 0.955912 , 0.00990646 },
{ 0.957916 , 0.00969823 },
{ 0.95992 , 0.00949284 },
{ 0.961924 , 0.00929032 },
{ 0.963928 , 0.00909067 },
{ 0.965932 , 0.0088939 },
{ 0.967936 , 0.00870001 },
{ 0.96994 , 0.00850903 },
{ 0.971944 , 0.00832096 },
{ 0.973948 , 0.0081358 },
{ 0.975952 , 0.00795358 },
{ 0.977956 , 0.00777431 },
{ 0.97996 , 0.00759798 },
{ 0.981964 , 0.00742463 },
{ 0.983968 , 0.00725425 },
{ 0.985972 , 0.00708687 },
{ 0.987976 , 0.00692249 },
{ 0.98998 , 0.00676112 },
{ 0.991984 , 0.00660279 },
{ 0.993988 , 0.00644749 },
{ 0.995992 , 0.00629526 },
{ 0.997996 , 0.00614609 },
{ 1 , 0.006 }
}