Final result:0.0270218
0.412042, 0.408161, 0.992802, 0.81193, 0.488689, 0.238888, 0.0545823, 0.0459863, 0.0133693, 0.00788665

Parameters: 
     -t numThreads: 2
        -v verbose: 0
      -d dimension: 10
  -b minimum conc.: 0.006
  -c cooperativity: 5
              -p p: 7.8
        -s \sigma0: 0.0015
             -n N0: 0.01
 -g numGenerations: 100
      -u numAgents: 20
   -a GSS accuracy: 0.01

{{ 0 , 0.992802 },
{ 0.00200401 , 0.988328 },
{ 0.00400802 , 0.98379 },
{ 0.00601202 , 0.97919 },
{ 0.00801603 , 0.97453 },
{ 0.01002 , 0.969812 },
{ 0.012024 , 0.96504 },
{ 0.0140281 , 0.960215 },
{ 0.0160321 , 0.955339 },
{ 0.0180361 , 0.950415 },
{ 0.0200401 , 0.945445 },
{ 0.0220441 , 0.940432 },
{ 0.0240481 , 0.935376 },
{ 0.0260521 , 0.930281 },
{ 0.0280561 , 0.925149 },
{ 0.0300601 , 0.91998 },
{ 0.0320641 , 0.914779 },
{ 0.0340681 , 0.909546 },
{ 0.0360721 , 0.904283 },
{ 0.0380762 , 0.898992 },
{ 0.0400802 , 0.893675 },
{ 0.0420842 , 0.888335 },
{ 0.0440882 , 0.882972 },
{ 0.0460922 , 0.877588 },
{ 0.0480962 , 0.872185 },
{ 0.0501002 , 0.866765 },
{ 0.0521042 , 0.86133 },
{ 0.0541082 , 0.855881 },
{ 0.0561122 , 0.850419 },
{ 0.0581162 , 0.844947 },
{ 0.0601202 , 0.839465 },
{ 0.0621242 , 0.833976 },
{ 0.0641283 , 0.82848 },
{ 0.0661323 , 0.822979 },
{ 0.0681363 , 0.817475 },
{ 0.0701403 , 0.811968 },
{ 0.0721443 , 0.806461 },
{ 0.0741483 , 0.800954 },
{ 0.0761523 , 0.79545 },
{ 0.0781563 , 0.789948 },
{ 0.0801603 , 0.78445 },
{ 0.0821643 , 0.778958 },
{ 0.0841683 , 0.773472 },
{ 0.0861723 , 0.767994 },
{ 0.0881764 , 0.762525 },
{ 0.0901804 , 0.757066 },
{ 0.0921844 , 0.751618 },
{ 0.0941884 , 0.746182 },
{ 0.0961924 , 0.740759 },
{ 0.0981964 , 0.73535 },
{ 0.1002 , 0.729955 },
{ 0.102204 , 0.724577 },
{ 0.104208 , 0.719215 },
{ 0.106212 , 0.713871 },
{ 0.108216 , 0.708545 },
{ 0.11022 , 0.703239 },
{ 0.112224 , 0.697952 },
{ 0.114228 , 0.692686 },
{ 0.116232 , 0.687442 },
{ 0.118236 , 0.68222 },
{ 0.12024 , 0.677021 },
{ 0.122244 , 0.671846 },
{ 0.124248 , 0.666695 },
{ 0.126253 , 0.661569 },
{ 0.128257 , 0.656468 },
{ 0.130261 , 0.651393 },
{ 0.132265 , 0.646345 },
{ 0.134269 , 0.641325 },
{ 0.136273 , 0.636331 },
{ 0.138277 , 0.631366 },
{ 0.140281 , 0.62643 },
{ 0.142285 , 0.621523 },
{ 0.144289 , 0.616645 },
{ 0.146293 , 0.611797 },
{ 0.148297 , 0.60698 },
{ 0.150301 , 0.602193 },
{ 0.152305 , 0.597438 },
{ 0.154309 , 0.592713 },
{ 0.156313 , 0.588021 },
{ 0.158317 , 0.58336 },
{ 0.160321 , 0.578732 },
{ 0.162325 , 0.574136 },
{ 0.164329 , 0.569573 },
{ 0.166333 , 0.565043 },
{ 0.168337 , 0.560546 },
{ 0.170341 , 0.556082 },
{ 0.172345 , 0.551652 },
{ 0.174349 , 0.547256 },
{ 0.176353 , 0.542894 },
{ 0.178357 , 0.538565 },
{ 0.180361 , 0.534271 },
{ 0.182365 , 0.53001 },
{ 0.184369 , 0.525784 },
{ 0.186373 , 0.521592 },
{ 0.188377 , 0.517435 },
{ 0.190381 , 0.513312 },
{ 0.192385 , 0.509223 },
{ 0.194389 , 0.505169 },
{ 0.196393 , 0.501149 },
{ 0.198397 , 0.497163 },
{ 0.200401 , 0.493212 },
{ 0.202405 , 0.489295 },
{ 0.204409 , 0.485412 },
{ 0.206413 , 0.481563 },
{ 0.208417 , 0.477748 },
{ 0.210421 , 0.473967 },
{ 0.212425 , 0.47022 },
{ 0.214429 , 0.466506 },
{ 0.216433 , 0.462827 },
{ 0.218437 , 0.45918 },
{ 0.220441 , 0.455567 },
{ 0.222445 , 0.451987 },
{ 0.224449 , 0.448439 },
{ 0.226453 , 0.444925 },
{ 0.228457 , 0.441443 },
{ 0.230461 , 0.437993 },
{ 0.232465 , 0.434575 },
{ 0.234469 , 0.431189 },
{ 0.236473 , 0.427835 },
{ 0.238477 , 0.424512 },
{ 0.240481 , 0.421221 },
{ 0.242485 , 0.41796 },
{ 0.244489 , 0.41473 },
{ 0.246493 , 0.41153 },
{ 0.248497 , 0.40836 },
{ 0.250501 , 0.405221 },
{ 0.252505 , 0.40211 },
{ 0.254509 , 0.399029 },
{ 0.256513 , 0.395977 },
{ 0.258517 , 0.392953 },
{ 0.260521 , 0.389958 },
{ 0.262525 , 0.38699 },
{ 0.264529 , 0.384051 },
{ 0.266533 , 0.381138 },
{ 0.268537 , 0.378253 },
{ 0.270541 , 0.375394 },
{ 0.272545 , 0.372562 },
{ 0.274549 , 0.369755 },
{ 0.276553 , 0.366974 },
{ 0.278557 , 0.364219 },
{ 0.280561 , 0.361488 },
{ 0.282565 , 0.358782 },
{ 0.284569 , 0.3561 },
{ 0.286573 , 0.353442 },
{ 0.288577 , 0.350808 },
{ 0.290581 , 0.348197 },
{ 0.292585 , 0.345608 },
{ 0.294589 , 0.343042 },
{ 0.296593 , 0.340498 },
{ 0.298597 , 0.337975 },
{ 0.300601 , 0.335474 },
{ 0.302605 , 0.332994 },
{ 0.304609 , 0.330534 },
{ 0.306613 , 0.328095 },
{ 0.308617 , 0.325675 },
{ 0.310621 , 0.323275 },
{ 0.312625 , 0.320895 },
{ 0.314629 , 0.318533 },
{ 0.316633 , 0.316189 },
{ 0.318637 , 0.313863 },
{ 0.320641 , 0.311556 },
{ 0.322645 , 0.309265 },
{ 0.324649 , 0.306992 },
{ 0.326653 , 0.304735 },
{ 0.328657 , 0.302495 },
{ 0.330661 , 0.30027 },
{ 0.332665 , 0.298062 },
{ 0.334669 , 0.295868 },
{ 0.336673 , 0.29369 },
{ 0.338677 , 0.291527 },
{ 0.340681 , 0.289378 },
{ 0.342685 , 0.287243 },
{ 0.344689 , 0.285122 },
{ 0.346693 , 0.283014 },
{ 0.348697 , 0.28092 },
{ 0.350701 , 0.278838 },
{ 0.352705 , 0.276769 },
{ 0.354709 , 0.274713 },
{ 0.356713 , 0.272669 },
{ 0.358717 , 0.270637 },
{ 0.360721 , 0.268616 },
{ 0.362725 , 0.266607 },
{ 0.364729 , 0.264609 },
{ 0.366733 , 0.262622 },
{ 0.368737 , 0.260646 },
{ 0.370741 , 0.25868 },
{ 0.372745 , 0.256725 },
{ 0.374749 , 0.254779 },
{ 0.376754 , 0.252844 },
{ 0.378758 , 0.250919 },
{ 0.380762 , 0.249003 },
{ 0.382766 , 0.247097 },
{ 0.38477 , 0.245201 },
{ 0.386774 , 0.243314 },
{ 0.388778 , 0.241436 },
{ 0.390782 , 0.239567 },
{ 0.392786 , 0.237707 },
{ 0.39479 , 0.235856 },
{ 0.396794 , 0.234014 },
{ 0.398798 , 0.232181 },
{ 0.400802 , 0.230356 },
{ 0.402806 , 0.228541 },
{ 0.40481 , 0.226734 },
{ 0.406814 , 0.224936 },
{ 0.408818 , 0.223147 },
{ 0.410822 , 0.221367 },
{ 0.412826 , 0.219595 },
{ 0.41483 , 0.217833 },
{ 0.416834 , 0.21608 },
{ 0.418838 , 0.214335 },
{ 0.420842 , 0.2126 },
{ 0.422846 , 0.210874 },
{ 0.42485 , 0.209157 },
{ 0.426854 , 0.20745 },
{ 0.428858 , 0.205751 },
{ 0.430862 , 0.204062 },
{ 0.432866 , 0.202383 },
{ 0.43487 , 0.200712 },
{ 0.436874 , 0.199051 },
{ 0.438878 , 0.1974 },
{ 0.440882 , 0.195758 },
{ 0.442886 , 0.194126 },
{ 0.44489 , 0.192503 },
{ 0.446894 , 0.190889 },
{ 0.448898 , 0.189285 },
{ 0.450902 , 0.187691 },
{ 0.452906 , 0.186107 },
{ 0.45491 , 0.184532 },
{ 0.456914 , 0.182967 },
{ 0.458918 , 0.181411 },
{ 0.460922 , 0.179865 },
{ 0.462926 , 0.178329 },
{ 0.46493 , 0.176802 },
{ 0.466934 , 0.175286 },
{ 0.468938 , 0.173779 },
{ 0.470942 , 0.172282 },
{ 0.472946 , 0.170794 },
{ 0.47495 , 0.169316 },
{ 0.476954 , 0.167848 },
{ 0.478958 , 0.16639 },
{ 0.480962 , 0.164942 },
{ 0.482966 , 0.163503 },
{ 0.48497 , 0.162074 },
{ 0.486974 , 0.160655 },
{ 0.488978 , 0.159245 },
{ 0.490982 , 0.157846 },
{ 0.492986 , 0.156456 },
{ 0.49499 , 0.155076 },
{ 0.496994 , 0.153705 },
{ 0.498998 , 0.152345 },
{ 0.501002 , 0.150993 },
{ 0.503006 , 0.149652 },
{ 0.50501 , 0.14832 },
{ 0.507014 , 0.146998 },
{ 0.509018 , 0.145686 },
{ 0.511022 , 0.144383 },
{ 0.513026 , 0.14309 },
{ 0.51503 , 0.141807 },
{ 0.517034 , 0.140533 },
{ 0.519038 , 0.139268 },
{ 0.521042 , 0.138013 },
{ 0.523046 , 0.136768 },
{ 0.52505 , 0.135532 },
{ 0.527054 , 0.134305 },
{ 0.529058 , 0.133088 },
{ 0.531062 , 0.131881 },
{ 0.533066 , 0.130683 },
{ 0.53507 , 0.129494 },
{ 0.537074 , 0.128314 },
{ 0.539078 , 0.127144 },
{ 0.541082 , 0.125982 },
{ 0.543086 , 0.124831 },
{ 0.54509 , 0.123688 },
{ 0.547094 , 0.122554 },
{ 0.549098 , 0.12143 },
{ 0.551102 , 0.120314 },
{ 0.553106 , 0.119208 },
{ 0.55511 , 0.118111 },
{ 0.557114 , 0.117022 },
{ 0.559118 , 0.115943 },
{ 0.561122 , 0.114872 },
{ 0.563126 , 0.113811 },
{ 0.56513 , 0.112758 },
{ 0.567134 , 0.111713 },
{ 0.569138 , 0.110678 },
{ 0.571142 , 0.109651 },
{ 0.573146 , 0.108633 },
{ 0.57515 , 0.107623 },
{ 0.577154 , 0.106622 },
{ 0.579158 , 0.105629 },
{ 0.581162 , 0.104645 },
{ 0.583166 , 0.103669 },
{ 0.58517 , 0.102702 },
{ 0.587174 , 0.101743 },
{ 0.589178 , 0.100792 },
{ 0.591182 , 0.099849 },
{ 0.593186 , 0.0989144 },
{ 0.59519 , 0.0979878 },
{ 0.597194 , 0.0970693 },
{ 0.599198 , 0.0961588 },
{ 0.601202 , 0.0952562 },
{ 0.603206 , 0.0943615 },
{ 0.60521 , 0.0934746 },
{ 0.607214 , 0.0925955 },
{ 0.609218 , 0.0917241 },
{ 0.611222 , 0.0908603 },
{ 0.613226 , 0.0900042 },
{ 0.61523 , 0.0891556 },
{ 0.617234 , 0.0883144 },
{ 0.619238 , 0.0874808 },
{ 0.621242 , 0.0866545 },
{ 0.623246 , 0.0858355 },
{ 0.625251 , 0.0850238 },
{ 0.627255 , 0.0842192 },
{ 0.629259 , 0.0834219 },
{ 0.631263 , 0.0826316 },
{ 0.633267 , 0.0818483 },
{ 0.635271 , 0.081072 },
{ 0.637275 , 0.0803027 },
{ 0.639279 , 0.0795402 },
{ 0.641283 , 0.0787844 },
{ 0.643287 , 0.0780354 },
{ 0.645291 , 0.0772931 },
{ 0.647295 , 0.0765574 },
{ 0.649299 , 0.0758282 },
{ 0.651303 , 0.0751055 },
{ 0.653307 , 0.0743893 },
{ 0.655311 , 0.0736794 },
{ 0.657315 , 0.0729758 },
{ 0.659319 , 0.0722785 },
{ 0.661323 , 0.0715874 },
{ 0.663327 , 0.0709023 },
{ 0.665331 , 0.0702234 },
{ 0.667335 , 0.0695504 },
{ 0.669339 , 0.0688834 },
{ 0.671343 , 0.0682223 },
{ 0.673347 , 0.067567 },
{ 0.675351 , 0.0669174 },
{ 0.677355 , 0.0662736 },
{ 0.679359 , 0.0656353 },
{ 0.681363 , 0.0650027 },
{ 0.683367 , 0.0643756 },
{ 0.685371 , 0.0637539 },
{ 0.687375 , 0.0631376 },
{ 0.689379 , 0.0625266 },
{ 0.691383 , 0.0619209 },
{ 0.693387 , 0.0613204 },
{ 0.695391 , 0.0607251 },
{ 0.697395 , 0.0601349 },
{ 0.699399 , 0.0595496 },
{ 0.701403 , 0.0589694 },
{ 0.703407 , 0.0583941 },
{ 0.705411 , 0.0578236 },
{ 0.707415 , 0.0572579 },
{ 0.709419 , 0.0566969 },
{ 0.711423 , 0.0561406 },
{ 0.713427 , 0.055589 },
{ 0.715431 , 0.0550419 },
{ 0.717435 , 0.0544993 },
{ 0.719439 , 0.0539611 },
{ 0.721443 , 0.0534273 },
{ 0.723447 , 0.0528979 },
{ 0.725451 , 0.0523727 },
{ 0.727455 , 0.0518518 },
{ 0.729459 , 0.051335 },
{ 0.731463 , 0.0508223 },
{ 0.733467 , 0.0503137 },
{ 0.735471 , 0.0498091 },
{ 0.737475 , 0.0493084 },
{ 0.739479 , 0.0488116 },
{ 0.741483 , 0.0483187 },
{ 0.743487 , 0.0478296 },
{ 0.745491 , 0.0473441 },
{ 0.747495 , 0.0468624 },
{ 0.749499 , 0.0463843 },
{ 0.751503 , 0.0459098 },
{ 0.753507 , 0.0454389 },
{ 0.755511 , 0.0449714 },
{ 0.757515 , 0.0445073 },
{ 0.759519 , 0.0440467 },
{ 0.761523 , 0.0435894 },
{ 0.763527 , 0.0431354 },
{ 0.765531 , 0.0426846 },
{ 0.767535 , 0.0422371 },
{ 0.769539 , 0.0417927 },
{ 0.771543 , 0.0413514 },
{ 0.773547 , 0.0409132 },
{ 0.775551 , 0.040478 },
{ 0.777555 , 0.0400459 },
{ 0.779559 , 0.0396166 },
{ 0.781563 , 0.0391903 },
{ 0.783567 , 0.0387669 },
{ 0.785571 , 0.0383463 },
{ 0.787575 , 0.0379284 },
{ 0.789579 , 0.0375134 },
{ 0.791583 , 0.037101 },
{ 0.793587 , 0.0366914 },
{ 0.795591 , 0.0362844 },
{ 0.797595 , 0.03588 },
{ 0.799599 , 0.0354782 },
{ 0.801603 , 0.0350789 },
{ 0.803607 , 0.0346822 },
{ 0.805611 , 0.034288 },
{ 0.807615 , 0.0338962 },
{ 0.809619 , 0.0335068 },
{ 0.811623 , 0.0331199 },
{ 0.813627 , 0.0327353 },
{ 0.815631 , 0.0323531 },
{ 0.817635 , 0.0319733 },
{ 0.819639 , 0.0315957 },
{ 0.821643 , 0.0312204 },
{ 0.823647 , 0.0308474 },
{ 0.825651 , 0.0304766 },
{ 0.827655 , 0.0301081 },
{ 0.829659 , 0.0297418 },
{ 0.831663 , 0.0293776 },
{ 0.833667 , 0.0290157 },
{ 0.835671 , 0.0286559 },
{ 0.837675 , 0.0282982 },
{ 0.839679 , 0.0279427 },
{ 0.841683 , 0.0275893 },
{ 0.843687 , 0.027238 },
{ 0.845691 , 0.0268888 },
{ 0.847695 , 0.0265417 },
{ 0.849699 , 0.0261967 },
{ 0.851703 , 0.0258538 },
{ 0.853707 , 0.025513 },
{ 0.855711 , 0.0251743 },
{ 0.857715 , 0.0248376 },
{ 0.859719 , 0.024503 },
{ 0.861723 , 0.0241705 },
{ 0.863727 , 0.0238401 },
{ 0.865731 , 0.0235118 },
{ 0.867735 , 0.0231856 },
{ 0.869739 , 0.0228614 },
{ 0.871743 , 0.0225394 },
{ 0.873747 , 0.0222195 },
{ 0.875752 , 0.0219017 },
{ 0.877756 , 0.0215861 },
{ 0.87976 , 0.0212726 },
{ 0.881764 , 0.0209612 },
{ 0.883768 , 0.0206521 },
{ 0.885772 , 0.0203452 },
{ 0.887776 , 0.0200405 },
{ 0.88978 , 0.019738 },
{ 0.891784 , 0.0194378 },
{ 0.893788 , 0.0191399 },
{ 0.895792 , 0.0188444 },
{ 0.897796 , 0.0185511 },
{ 0.8998 , 0.0182603 },
{ 0.901804 , 0.0179718 },
{ 0.903808 , 0.0176858 },
{ 0.905812 , 0.0174022 },
{ 0.907816 , 0.0171212 },
{ 0.90982 , 0.0168427 },
{ 0.911824 , 0.0165668 },
{ 0.913828 , 0.0162935 },
{ 0.915832 , 0.0160229 },
{ 0.917836 , 0.0157549 },
{ 0.91984 , 0.0154898 },
{ 0.921844 , 0.0152274 },
{ 0.923848 , 0.0149679 },
{ 0.925852 , 0.0147112 },
{ 0.927856 , 0.0144576 },
{ 0.92986 , 0.0142069 },
{ 0.931864 , 0.0139593 },
{ 0.933868 , 0.0137148 },
{ 0.935872 , 0.0134735 },
{ 0.937876 , 0.0132354 },
{ 0.93988 , 0.0130006 },
{ 0.941884 , 0.0127692 },
{ 0.943888 , 0.0125413 },
{ 0.945892 , 0.0123168 },
{ 0.947896 , 0.0120959 },
{ 0.9499 , 0.0118787 },
{ 0.951904 , 0.0116652 },
{ 0.953908 , 0.0114555 },
{ 0.955912 , 0.0112496 },
{ 0.957916 , 0.0110477 },
{ 0.95992 , 0.0108499 },
{ 0.961924 , 0.0106562 },
{ 0.963928 , 0.0104667 },
{ 0.965932 , 0.0102815 },
{ 0.967936 , 0.0101007 },
{ 0.96994 , 0.00992432 },
{ 0.971944 , 0.00975256 },
{ 0.973948 , 0.00958548 },
{ 0.975952 , 0.00942317 },
{ 0.977956 , 0.00926573 },
{ 0.97996 , 0.00911327 },
{ 0.981964 , 0.0089659 },
{ 0.983968 , 0.00882371 },
{ 0.985972 , 0.00868682 },
{ 0.987976 , 0.00855535 },
{ 0.98998 , 0.00842939 },
{ 0.991984 , 0.00830908 },
{ 0.993988 , 0.00819453 },
{ 0.995992 , 0.00808586 },
{ 0.997996 , 0.00798319 },
{ 1 , 0.00788665 }
}